2024-06-18 18:24:31,535 - WARNING: Error in loading license from server java.lang.Exception: no license key in AppConfig.json
2024-06-18 18:24:31,538 - WARNING: Running with 100 CCU limit
2024-06-19 09:58:24,138 - WARNING: Error in loading license from server java.lang.Exception: no license key in AppConfig.json
2024-06-19 09:58:24,141 - WARNING: Running with 100 CCU limit
2024-06-19 10:38:16,136 - WARNING: Error in loading license from server java.lang.Exception: no license key in AppConfig.json
2024-06-19 10:38:16,140 - WARNING: Running with 100 CCU limit
2024-06-19 10:40:58,333 - WARNING: Error in loading license from server java.lang.Exception: no license key in AppConfig.json
2024-06-19 10:40:58,337 - WARNING: Running with 100 CCU limit
2024-06-19 10:41:11,087 - WARNING: Error in loading license from server java.lang.Exception: no license key in AppConfig.json
2024-06-19 10:41:11,090 - WARNING: Running with 100 CCU limit
2024-06-19 10:48:11,246 - WARNING: Error in loading license from server java.lang.Exception: no license key in AppConfig.json
2024-06-19 10:48:11,249 - WARNING: Running with 100 CCU limit
2024-06-19 11:28:48,707 - WARNING: Error in loading license from server java.lang.Exception: no license key in AppConfig.json
2024-06-19 11:28:48,713 - WARNING: Running with 100 CCU limit
2024-06-19 11:44:56,491 - WARNING: Error in loading license from server java.lang.Exception: no license key in AppConfig.json
2024-06-19 11:44:56,496 - WARNING: Running with 100 CCU limit
2024-06-19 11:50:19,868 - WARNING: Error in loading license from server java.lang.Exception: no license key in AppConfig.json
2024-06-19 11:50:19,873 - WARNING: Running with 100 CCU limit
2024-06-19 11:53:11,273 - WARNING: Error in loading license from server java.lang.Exception: no license key in AppConfig.json
2024-06-19 11:53:11,276 - WARNING: Running with 100 CCU limit
2024-06-19 12:05:52,747 - WARNING: Error in loading license from server java.lang.Exception: no license key in AppConfig.json
2024-06-19 12:05:52,750 - WARNING: Running with 100 CCU limit
2024-06-19 14:19:36,568 - WARNING: Error in loading license from server java.lang.Exception: no license key in AppConfig.json
2024-06-19 14:19:36,573 - WARNING: Running with 100 CCU limit
2024-06-19 14:41:57,315 - WARNING: Error in loading license from server java.lang.Exception: no license key in AppConfig.json
2024-06-19 14:41:57,318 - WARNING: Running with 100 CCU limit
2024-06-19 15:58:46,362 - WARNING: Error in loading license from server java.lang.Exception: no license key in AppConfig.json
2024-06-19 15:58:46,366 - WARNING: Running with 100 CCU limit
2024-06-19 16:08:52,259 - WARNING: Error in loading license from server java.lang.Exception: no license key in AppConfig.json
2024-06-19 16:08:52,264 - WARNING: Running with 100 CCU limit
2024-06-19 16:29:37,815 - WARNING: Error in loading license from server java.lang.Exception: no license key in AppConfig.json
2024-06-19 16:29:37,818 - WARNING: Running with 100 CCU limit
2024-06-19 17:14:47,980 - WARNING: Error in loading license from server java.lang.Exception: no license key in AppConfig.json
2024-06-19 17:14:47,983 - WARNING: Running with 100 CCU limit
2024-06-19 17:16:37,143 - WARNING: Error in loading license from server java.lang.Exception: no license key in AppConfig.json
2024-06-19 17:16:37,149 - WARNING: Running with 100 CCU limit
2024-06-19 18:19:12,164 - WARNING: Error in loading license from server java.lang.Exception: no license key in AppConfig.json
2024-06-19 18:19:12,169 - WARNING: Running with 100 CCU limit
2024-06-19 18:20:45,683 - WARNING: Error in loading license from server java.lang.Exception: no license key in AppConfig.json
2024-06-19 18:20:45,688 - WARNING: Running with 100 CCU limit
2024-06-20 10:23:52,635 - WARNING: Error in loading license from server java.lang.Exception: no license key in AppConfig.json
2024-06-20 10:23:52,640 - WARNING: Running with 100 CCU limit
2024-06-20 10:31:10,809 - WARNING: Error in loading license from server java.lang.Exception: no license key in AppConfig.json
2024-06-20 10:31:10,812 - WARNING: Running with 100 CCU limit
2024-06-20 10:32:45,129 - WARNING: Error in loading license from server java.lang.Exception: no license key in AppConfig.json
2024-06-20 10:32:45,132 - WARNING: Running with 100 CCU limit
2024-06-20 11:05:17,481 - WARNING: Error in loading license from server java.lang.Exception: no license key in AppConfig.json
2024-06-20 11:05:17,486 - WARNING: Running with 100 CCU limit
2024-06-20 11:06:11,881 - WARNING: Error in loading license from server java.lang.Exception: no license key in AppConfig.json
2024-06-20 11:06:11,883 - WARNING: Running with 100 CCU limit
2024-06-20 11:18:36,396 - WARNING: Error in loading license from server java.lang.Exception: no license key in AppConfig.json
2024-06-20 11:18:36,399 - WARNING: Running with 100 CCU limit
2024-06-20 11:24:19,622 - WARNING: Error in loading license from server java.lang.Exception: no license key in AppConfig.json
2024-06-20 11:24:19,626 - WARNING: Running with 100 CCU limit
2024-06-20 11:32:55,120 - WARNING: Error in loading license from server java.lang.Exception: no license key in AppConfig.json
2024-06-20 11:32:55,124 - WARNING: Running with 100 CCU limit
2024-06-20 11:41:20,146 - WARNING: Error in loading license from server java.lang.Exception: no license key in AppConfig.json
2024-06-20 11:41:20,150 - WARNING: Running with 100 CCU limit
2024-06-20 11:55:38,969 - WARNING: Error in loading license from server java.lang.Exception: no license key in AppConfig.json
2024-06-20 11:55:38,973 - WARNING: Running with 100 CCU limit
2024-06-20 12:10:01,337 - WARNING: Error in loading license from server java.lang.Exception: no license key in AppConfig.json
2024-06-20 12:10:01,342 - WARNING: Running with 100 CCU limit
2024-06-20 12:10:10,640 - WARNING: Error in loading license from server java.lang.Exception: no license key in AppConfig.json
2024-06-20 12:10:10,645 - WARNING: Running with 100 CCU limit
2024-06-20 12:10:55,762 - WARNING: Error in loading license from server java.lang.Exception: no license key in AppConfig.json
2024-06-20 12:10:55,765 - WARNING: Running with 100 CCU limit
2024-06-20 12:15:33,853 - WARNING: Error in loading license from server java.lang.Exception: no license key in AppConfig.json
2024-06-20 12:15:33,855 - WARNING: Running with 100 CCU limit
2024-06-20 12:17:36,858 - WARNING: Error in loading license from server java.lang.Exception: no license key in AppConfig.json
2024-06-20 12:17:36,861 - WARNING: Running with 100 CCU limit
2024-06-20 12:28:03,454 - WARNING: Error in loading license from server java.lang.Exception: no license key in AppConfig.json
2024-06-20 12:28:03,456 - WARNING: Running with 100 CCU limit
2024-06-20 12:28:54,384 - WARNING: Failed to resume sessionGuna Sekhar 1 
2024-06-20 12:28:58,402 - WARNING: Failed to resume sessionGuna Sekhar 3 
2024-06-20 12:29:02,428 - WARNING: Failed to resume sessionGuna Sekhar 5 
2024-06-20 12:29:06,457 - WARNING: Failed to resume sessionGuna Sekhar 7 
2024-06-20 12:29:10,482 - WARNING: Failed to resume sessionGuna Sekhar 9 
2024-06-20 12:30:44,689 - WARNING: Error in loading license from server java.lang.Exception: no license key in AppConfig.json
2024-06-20 12:30:44,693 - WARNING: Running with 100 CCU limit
2024-06-20 12:30:55,466 - WARNING: Failed to resume sessionGuna Sekhar 1 
2024-06-20 12:33:27,179 - WARNING: Failed to resume sessionGuna Sekhar 1 
2024-06-20 12:33:56,853 - WARNING: Error in loading license from server java.lang.Exception: no license key in AppConfig.json
2024-06-20 12:33:56,857 - WARNING: Running with 100 CCU limit
2024-06-20 12:34:05,191 - WARNING: Failed to resume sessionGuna Sekhar 1 
2024-06-20 12:52:18,636 - WARNING: Error in loading license from server java.lang.Exception: no license key in AppConfig.json
2024-06-20 12:52:18,639 - WARNING: Running with 100 CCU limit
2024-06-20 12:57:37,532 - WARNING: Failed to resume sessionGuna Sekhar 1 
2024-06-20 12:57:57,550 - WARNING: Failed to resume sessionGuna Sekhar 3 
2024-06-20 12:58:17,561 - WARNING: Failed to resume sessionGuna Sekhar 5 
2024-06-20 12:58:37,595 - WARNING: Failed to resume sessionGuna Sekhar 7 
2024-06-20 12:58:57,828 - WARNING: Error in loading license from server java.lang.Exception: no license key in AppConfig.json
2024-06-20 12:58:57,831 - WARNING: Running with 100 CCU limit
2024-06-20 12:59:05,214 - WARNING: Failed to resume sessionGuna Sekhar 1 
2024-06-20 12:59:14,247 - WARNING: Failed to resume sessionGuna Sekhar 4 
2024-06-20 12:59:23,277 - WARNING: Failed to resume sessionGuna Sekhar 7 
2024-06-20 13:02:16,093 - WARNING: Failed to resume sessionGuna Sekhar 1 
2024-06-20 13:02:25,114 - WARNING: Failed to resume sessionGuna Sekhar 4 
2024-06-20 13:02:34,128 - WARNING: Failed to resume sessionGuna Sekhar 7 
2024-06-20 13:04:04,674 - WARNING: Error in loading license from server java.lang.Exception: no license key in AppConfig.json
2024-06-20 13:04:04,677 - WARNING: Running with 100 CCU limit
2024-06-20 13:04:16,623 - WARNING: Failed to resume sessionGuna Sekhar 1 
2024-06-20 13:04:25,659 - WARNING: Failed to resume sessionGuna Sekhar 4 
2024-06-20 13:04:34,693 - WARNING: Failed to resume sessionGuna Sekhar 7 
2024-06-20 13:05:55,644 - WARNING: Error in loading license from server java.lang.Exception: no license key in AppConfig.json
2024-06-20 13:05:55,646 - WARNING: Running with 100 CCU limit
2024-06-20 13:06:21,195 - WARNING: Failed to resume sessionGuna Sekhar 1 
2024-06-20 13:06:30,216 - WARNING: Failed to resume sessionGuna Sekhar 4 
2024-06-20 13:06:39,255 - WARNING: Failed to resume sessionGuna Sekhar 7 
2024-06-20 13:07:07,576 - WARNING: Error in loading license from server java.lang.Exception: no license key in AppConfig.json
2024-06-20 13:07:07,579 - WARNING: Running with 100 CCU limit
2024-06-20 13:07:22,088 - WARNING: Failed to resume sessionGuna Sekhar 1 
2024-06-20 13:07:31,124 - WARNING: Failed to resume sessionGuna Sekhar 4 
2024-06-20 13:07:40,155 - WARNING: Failed to resume sessionGuna Sekhar 7 
2024-06-20 13:07:48,455 - WARNING: Error in loading license from server java.lang.Exception: no license key in AppConfig.json
2024-06-20 13:07:48,459 - WARNING: Running with 100 CCU limit
2024-06-20 13:07:58,375 - WARNING: Failed to resume sessionGuna Sekhar 1 
2024-06-20 13:07:58,378 - WARNING: exceptionCaught cause null remote /127.0.0.1:61561
2024-06-20 13:08:07,388 - WARNING: Failed to resume sessionGuna Sekhar 4 
2024-06-20 13:08:16,080 - WARNING: Error in loading license from server java.lang.Exception: no license key in AppConfig.json
2024-06-20 13:08:16,082 - WARNING: Running with 100 CCU limit
2024-06-20 13:08:46,147 - WARNING: Failed to resume sessionGuna Sekhar 1 
2024-06-20 13:08:55,186 - WARNING: Failed to resume sessionGuna Sekhar 4 
2024-06-20 13:09:01,217 - WARNING: Failed to resume sessionGuna Sekhar 6 
2024-06-20 13:09:07,216 - WARNING: Failed to resume sessionGuna Sekhar 8 
2024-06-20 14:28:10,654 - WARNING: Error in loading license from server java.lang.Exception: no license key in AppConfig.json
2024-06-20 14:28:10,660 - WARNING: Running with 100 CCU limit
2024-06-20 14:28:22,750 - WARNING: Failed to resume sessionGuna Sekhar 1 
2024-06-20 14:28:31,765 - WARNING: Failed to resume sessionGuna Sekhar 4 
2024-06-20 14:29:16,605 - WARNING: Failed to resume sessionGuna Sekhar 1 
2024-06-20 14:29:23,479 - WARNING: Error in loading license from server java.lang.Exception: no license key in AppConfig.json
2024-06-20 14:29:23,482 - WARNING: Running with 100 CCU limit
2024-06-20 14:29:41,746 - WARNING: Failed to resume sessionGuna Sekhar 1 
2024-06-20 14:29:41,749 - WARNING: exceptionCaught cause null remote /127.0.0.1:65529
2024-06-20 14:29:50,768 - WARNING: Failed to resume sessionGuna Sekhar 4 
2024-06-20 14:29:59,796 - WARNING: Failed to resume sessionGuna Sekhar 7 
2024-06-20 14:31:22,916 - WARNING: Failed to resume sessionGuna Sekhar 1 
2024-06-20 14:31:31,978 - WARNING: Failed to resume sessionGuna Sekhar 4 
2024-06-20 14:31:41,037 - WARNING: Failed to resume sessionGuna Sekhar 7 
2024-06-20 14:32:49,129 - WARNING: Failed to resume sessionGuna Sekhar 1 
2024-06-20 14:32:58,156 - WARNING: Failed to resume sessionGuna Sekhar 4 
2024-06-20 14:33:07,524 - ERROR: Session Id expected 1609642445
2024-06-20 14:33:10,562 - ERROR: Session Id expected 440765947
2024-06-20 15:37:26,025 - WARNING: Error in loading license from server java.lang.Exception: no license key in AppConfig.json
2024-06-20 15:37:26,028 - WARNING: Running with 100 CCU limit
2024-06-20 16:02:43,186 - WARNING: Error in loading license from server java.lang.Exception: no license key in AppConfig.json
2024-06-20 16:02:43,189 - WARNING: Running with 100 CCU limit
2024-06-20 16:04:53,194 - WARNING: Error in loading license from server java.lang.Exception: no license key in AppConfig.json
2024-06-20 16:04:53,197 - WARNING: Running with 100 CCU limit
2024-06-20 16:19:20,248 - WARNING: Error in loading license from server java.lang.Exception: no license key in AppConfig.json
2024-06-20 16:19:20,251 - WARNING: Running with 100 CCU limit
2024-06-20 16:19:37,803 - ERROR: Failed Auth. CCU Limit Reached
2024-06-20 16:19:37,812 - ERROR: Failed Auth. CCU Limit Reached
2024-06-20 16:19:37,812 - ERROR: Failed Auth. CCU Limit Reached
2024-06-20 16:19:37,864 - ERROR: Failed Auth. CCU Limit Reached
2024-06-20 16:19:37,868 - ERROR: Failed Auth. CCU Limit Reached
2024-06-20 16:19:37,869 - ERROR: Failed Auth. CCU Limit Reached
2024-06-20 16:19:37,875 - ERROR: Failed Auth. CCU Limit Reached
2024-06-20 16:19:37,877 - ERROR: Failed Auth. CCU Limit Reached
2024-06-20 16:19:37,879 - ERROR: Failed Auth. CCU Limit Reached
2024-06-20 16:19:37,883 - ERROR: Failed Auth. CCU Limit Reached
2024-06-20 16:19:37,885 - ERROR: Failed Auth. CCU Limit Reached
2024-06-20 16:19:37,894 - ERROR: Failed Auth. CCU Limit Reached
2024-06-20 16:19:37,900 - ERROR: Failed Auth. CCU Limit Reached
2024-06-20 16:19:37,902 - ERROR: Failed Auth. CCU Limit Reached
2024-06-20 16:19:37,907 - ERROR: Failed Auth. CCU Limit Reached
2024-06-20 16:19:37,913 - ERROR: Failed Auth. CCU Limit Reached
2024-06-20 16:19:37,918 - ERROR: Failed Auth. CCU Limit Reached
2024-06-20 16:19:37,958 - ERROR: Failed Auth. CCU Limit Reached
2024-06-20 16:19:37,961 - ERROR: Failed Auth. CCU Limit Reached
2024-06-20 16:19:37,963 - ERROR: Failed Auth. CCU Limit Reached
2024-06-20 16:19:37,966 - ERROR: Failed Auth. CCU Limit Reached
2024-06-20 16:19:37,966 - ERROR: Failed Auth. CCU Limit Reached
2024-06-20 16:19:37,968 - ERROR: Failed Auth. CCU Limit Reached
2024-06-20 16:19:37,971 - ERROR: Failed Auth. CCU Limit Reached
2024-06-20 16:19:37,984 - ERROR: Failed Auth. CCU Limit Reached
2024-06-20 16:19:37,995 - ERROR: Failed Auth. CCU Limit Reached
2024-06-20 16:19:37,997 - ERROR: Failed Auth. CCU Limit Reached
2024-06-20 16:19:38,007 - ERROR: Failed Auth. CCU Limit Reached
2024-06-20 16:19:38,011 - ERROR: Failed Auth. CCU Limit Reached
2024-06-20 16:19:38,014 - ERROR: Failed Auth. CCU Limit Reached
2024-06-20 17:27:05,089 - WARNING: Error in loading license from server java.lang.Exception: no license key in AppConfig.json
2024-06-20 17:27:05,094 - WARNING: Running with 100 CCU limit
2024-06-20 17:27:22,130 - ERROR: Failed Auth. CCU Limit Reached
2024-06-20 17:27:22,137 - ERROR: Failed Auth. CCU Limit Reached
2024-06-20 17:27:22,143 - ERROR: Failed Auth. CCU Limit Reached
2024-06-20 17:27:22,146 - ERROR: Failed Auth. CCU Limit Reached
2024-06-20 17:27:22,150 - ERROR: Failed Auth. CCU Limit Reached
2024-06-20 17:27:22,158 - ERROR: Failed Auth. CCU Limit Reached
2024-06-20 17:27:22,169 - ERROR: Failed Auth. CCU Limit Reached
2024-06-20 17:27:22,187 - ERROR: Failed Auth. CCU Limit Reached
2024-06-20 17:27:22,199 - ERROR: Failed Auth. CCU Limit Reached
2024-06-20 17:27:22,205 - ERROR: Failed Auth. CCU Limit Reached
2024-06-20 17:27:22,207 - ERROR: Failed Auth. CCU Limit Reached
2024-06-20 17:27:22,209 - ERROR: Failed Auth. CCU Limit Reached
2024-06-20 17:27:22,213 - ERROR: Failed Auth. CCU Limit Reached
2024-06-20 17:27:22,216 - ERROR: Failed Auth. CCU Limit Reached
2024-06-20 17:27:22,219 - ERROR: Failed Auth. CCU Limit Reached
2024-06-20 17:27:22,221 - ERROR: Failed Auth. CCU Limit Reached
2024-06-20 17:27:22,228 - ERROR: Failed Auth. CCU Limit Reached
2024-06-20 17:27:22,236 - ERROR: Failed Auth. CCU Limit Reached
2024-06-20 17:27:22,240 - ERROR: Failed Auth. CCU Limit Reached
2024-06-20 17:27:22,247 - ERROR: Failed Auth. CCU Limit Reached
2024-06-20 17:27:22,249 - ERROR: Failed Auth. CCU Limit Reached
2024-06-20 17:27:22,252 - ERROR: Failed Auth. CCU Limit Reached
2024-06-20 17:27:22,258 - ERROR: Failed Auth. CCU Limit Reached
2024-06-20 17:27:22,260 - ERROR: Failed Auth. CCU Limit Reached
2024-06-20 17:27:22,263 - ERROR: Failed Auth. CCU Limit Reached
2024-06-20 17:27:22,267 - ERROR: Failed Auth. CCU Limit Reached
2024-06-20 17:27:22,277 - ERROR: Failed Auth. CCU Limit Reached
2024-06-20 17:27:22,280 - ERROR: Failed Auth. CCU Limit Reached
2024-06-20 17:27:22,286 - ERROR: Failed Auth. CCU Limit Reached
2024-06-20 17:27:22,292 - ERROR: Failed Auth. CCU Limit Reached
2024-06-20 17:47:59,270 - WARNING: Error in loading license from server java.lang.Exception: no license key in AppConfig.json
2024-06-20 17:47:59,273 - WARNING: Running with 100 CCU limit
2024-06-20 17:48:14,697 - ERROR: Failed Auth. CCU Limit Reached
2024-06-20 17:48:14,702 - ERROR: Failed Auth. CCU Limit Reached
2024-06-20 17:48:14,704 - ERROR: Failed Auth. CCU Limit Reached
2024-06-20 17:48:14,710 - ERROR: Failed Auth. CCU Limit Reached
2024-06-20 17:48:14,713 - ERROR: Failed Auth. CCU Limit Reached
2024-06-20 17:48:14,715 - ERROR: Failed Auth. CCU Limit Reached
2024-06-20 17:48:14,717 - ERROR: Failed Auth. CCU Limit Reached
2024-06-20 17:48:14,721 - ERROR: Failed Auth. CCU Limit Reached
2024-06-20 17:48:14,723 - ERROR: Failed Auth. CCU Limit Reached
2024-06-20 17:48:14,725 - ERROR: Failed Auth. CCU Limit Reached
2024-06-20 17:48:14,728 - ERROR: Failed Auth. CCU Limit Reached
2024-06-20 17:48:14,731 - ERROR: Failed Auth. CCU Limit Reached
2024-06-20 17:48:14,733 - ERROR: Failed Auth. CCU Limit Reached
2024-06-20 17:48:14,737 - ERROR: Failed Auth. CCU Limit Reached
2024-06-20 17:48:14,739 - ERROR: Failed Auth. CCU Limit Reached
2024-06-20 17:48:14,744 - ERROR: Failed Auth. CCU Limit Reached
2024-06-20 17:48:14,745 - ERROR: Failed Auth. CCU Limit Reached
2024-06-20 17:48:14,748 - ERROR: Failed Auth. CCU Limit Reached
2024-06-20 17:48:14,750 - ERROR: Failed Auth. CCU Limit Reached
2024-06-20 17:48:14,756 - ERROR: Failed Auth. CCU Limit Reached
2024-06-20 17:48:14,761 - ERROR: Failed Auth. CCU Limit Reached
2024-06-20 17:48:14,764 - ERROR: Failed Auth. CCU Limit Reached
2024-06-20 17:48:14,768 - ERROR: Failed Auth. CCU Limit Reached
2024-06-20 17:48:14,771 - ERROR: Failed Auth. CCU Limit Reached
2024-06-20 17:48:14,772 - ERROR: Failed Auth. CCU Limit Reached
2024-06-20 17:48:14,774 - ERROR: Failed Auth. CCU Limit Reached
2024-06-20 17:48:14,776 - ERROR: Failed Auth. CCU Limit Reached
2024-06-20 17:48:14,779 - ERROR: Failed Auth. CCU Limit Reached
2024-06-20 17:48:14,787 - ERROR: Failed Auth. CCU Limit Reached
2024-06-20 17:48:14,994 - ERROR: Failed Auth. CCU Limit Reached
2024-06-20 17:58:52,705 - WARNING: Error in loading license from server java.lang.Exception: no license key in AppConfig.json
2024-06-20 17:58:52,709 - WARNING: Running with 100 CCU limit
2024-06-20 17:59:07,494 - ERROR: Failed Auth. CCU Limit Reached
2024-06-20 17:59:07,502 - ERROR: Failed Auth. CCU Limit Reached
2024-06-20 17:59:07,506 - ERROR: Failed Auth. CCU Limit Reached
2024-06-20 17:59:07,508 - ERROR: Failed Auth. CCU Limit Reached
2024-06-20 17:59:07,510 - ERROR: Failed Auth. CCU Limit Reached
2024-06-20 17:59:07,517 - ERROR: Failed Auth. CCU Limit Reached
2024-06-20 17:59:07,521 - ERROR: Failed Auth. CCU Limit Reached
2024-06-20 17:59:07,524 - ERROR: Failed Auth. CCU Limit Reached
2024-06-20 17:59:07,525 - ERROR: Failed Auth. CCU Limit Reached
2024-06-20 17:59:07,528 - ERROR: Failed Auth. CCU Limit Reached
2024-06-20 17:59:07,536 - ERROR: Failed Auth. CCU Limit Reached
2024-06-20 17:59:07,541 - ERROR: Failed Auth. CCU Limit Reached
2024-06-20 17:59:07,543 - ERROR: Failed Auth. CCU Limit Reached
2024-06-20 17:59:07,544 - ERROR: Failed Auth. CCU Limit Reached
2024-06-20 17:59:07,550 - ERROR: Failed Auth. CCU Limit Reached
2024-06-20 17:59:07,554 - ERROR: Failed Auth. CCU Limit Reached
2024-06-20 17:59:07,555 - ERROR: Failed Auth. CCU Limit Reached
2024-06-20 17:59:07,558 - ERROR: Failed Auth. CCU Limit Reached
2024-06-20 17:59:07,560 - ERROR: Failed Auth. CCU Limit Reached
2024-06-20 17:59:07,561 - ERROR: Failed Auth. CCU Limit Reached
2024-06-20 17:59:07,567 - ERROR: Failed Auth. CCU Limit Reached
2024-06-20 17:59:07,572 - ERROR: Failed Auth. CCU Limit Reached
2024-06-20 17:59:07,581 - ERROR: Failed Auth. CCU Limit Reached
2024-06-20 17:59:07,585 - ERROR: Failed Auth. CCU Limit Reached
2024-06-20 17:59:07,589 - ERROR: Failed Auth. CCU Limit Reached
2024-06-20 17:59:07,591 - ERROR: Failed Auth. CCU Limit Reached
2024-06-20 17:59:07,595 - ERROR: Failed Auth. CCU Limit Reached
2024-06-20 17:59:07,600 - ERROR: Failed Auth. CCU Limit Reached
2024-06-20 17:59:07,602 - ERROR: Failed Auth. CCU Limit Reached
2024-06-20 17:59:07,611 - ERROR: Failed Auth. CCU Limit Reached
2024-06-20 18:01:38,640 - WARNING: Error in loading license from server java.lang.Exception: no license key in AppConfig.json
2024-06-20 18:01:38,644 - WARNING: Running with 100 CCU limit
2024-06-20 18:01:58,169 - ERROR: Failed Auth. CCU Limit Reached
2024-06-20 18:01:58,173 - ERROR: Failed Auth. CCU Limit Reached
2024-06-20 18:01:58,175 - ERROR: Failed Auth. CCU Limit Reached
2024-06-20 18:01:58,179 - ERROR: Failed Auth. CCU Limit Reached
2024-06-20 18:01:58,181 - ERROR: Failed Auth. CCU Limit Reached
2024-06-20 18:01:58,183 - ERROR: Failed Auth. CCU Limit Reached
2024-06-20 18:01:58,187 - ERROR: Failed Auth. CCU Limit Reached
2024-06-20 18:01:58,198 - ERROR: Failed Auth. CCU Limit Reached
2024-06-20 18:01:58,200 - ERROR: Failed Auth. CCU Limit Reached
2024-06-20 18:01:58,205 - ERROR: Failed Auth. CCU Limit Reached
2024-06-20 18:01:58,205 - ERROR: Failed Auth. CCU Limit Reached
2024-06-20 18:01:58,210 - ERROR: Failed Auth. CCU Limit Reached
2024-06-20 18:01:58,214 - ERROR: Failed Auth. CCU Limit Reached
2024-06-20 18:01:58,216 - ERROR: Failed Auth. CCU Limit Reached
2024-06-20 18:01:58,220 - ERROR: Failed Auth. CCU Limit Reached
2024-06-20 18:01:58,223 - ERROR: Failed Auth. CCU Limit Reached
2024-06-20 18:01:58,230 - ERROR: Failed Auth. CCU Limit Reached
2024-06-20 18:01:58,234 - ERROR: Failed Auth. CCU Limit Reached
2024-06-20 18:01:58,235 - ERROR: Failed Auth. CCU Limit Reached
2024-06-20 18:01:58,238 - ERROR: Failed Auth. CCU Limit Reached
2024-06-20 18:01:58,246 - ERROR: Failed Auth. CCU Limit Reached
2024-06-20 18:01:58,251 - ERROR: Failed Auth. CCU Limit Reached
2024-06-20 18:01:58,260 - ERROR: Failed Auth. CCU Limit Reached
2024-06-20 18:01:58,266 - ERROR: Failed Auth. CCU Limit Reached
2024-06-20 18:01:58,270 - ERROR: Failed Auth. CCU Limit Reached
2024-06-20 18:01:58,274 - ERROR: Failed Auth. CCU Limit Reached
2024-06-20 18:01:58,279 - ERROR: Failed Auth. CCU Limit Reached
2024-06-20 18:01:58,283 - ERROR: Failed Auth. CCU Limit Reached
2024-06-20 18:01:58,288 - ERROR: Failed Auth. CCU Limit Reached
2024-06-20 18:01:58,294 - ERROR: Failed Auth. CCU Limit Reached
2024-06-20 18:04:12,154 - WARNING: Error in loading license from server java.lang.Exception: no license key in AppConfig.json
2024-06-20 18:04:12,156 - WARNING: Running with 100 CCU limit
2024-06-20 18:04:46,428 - ERROR: Failed Auth. CCU Limit Reached
2024-06-20 18:04:46,449 - ERROR: Failed Auth. CCU Limit Reached
2024-06-20 18:04:46,456 - ERROR: Failed Auth. CCU Limit Reached
2024-06-20 18:04:46,460 - ERROR: Failed Auth. CCU Limit Reached
2024-06-20 18:04:46,464 - ERROR: Failed Auth. CCU Limit Reached
2024-06-20 18:04:46,473 - ERROR: Failed Auth. CCU Limit Reached
2024-06-20 18:04:46,480 - ERROR: Failed Auth. CCU Limit Reached
2024-06-20 18:04:46,482 - ERROR: Failed Auth. CCU Limit Reached
2024-06-20 18:04:46,485 - ERROR: Failed Auth. CCU Limit Reached
2024-06-20 18:04:46,494 - ERROR: Failed Auth. CCU Limit Reached
2024-06-20 18:04:46,494 - ERROR: Failed Auth. CCU Limit Reached
2024-06-20 18:04:46,500 - ERROR: Failed Auth. CCU Limit Reached
2024-06-20 18:04:46,506 - ERROR: Failed Auth. CCU Limit Reached
2024-06-20 18:04:46,509 - ERROR: Failed Auth. CCU Limit Reached
2024-06-20 18:04:46,512 - ERROR: Failed Auth. CCU Limit Reached
2024-06-20 18:04:46,515 - ERROR: Failed Auth. CCU Limit Reached
2024-06-20 18:04:46,519 - ERROR: Failed Auth. CCU Limit Reached
2024-06-20 18:04:46,526 - ERROR: Failed Auth. CCU Limit Reached
2024-06-20 18:04:46,529 - ERROR: Failed Auth. CCU Limit Reached
2024-06-20 18:04:46,695 - ERROR: Failed Auth. CCU Limit Reached
2024-06-20 18:04:46,728 - ERROR: Failed Auth. CCU Limit Reached
2024-06-20 18:04:46,733 - ERROR: Failed Auth. CCU Limit Reached
2024-06-20 18:04:46,751 - ERROR: Failed Auth. CCU Limit Reached
2024-06-20 18:04:46,762 - ERROR: Failed Auth. CCU Limit Reached
2024-06-20 18:04:46,776 - ERROR: Failed Auth. CCU Limit Reached
2024-06-20 18:04:46,778 - ERROR: Failed Auth. CCU Limit Reached
2024-06-20 18:04:46,785 - ERROR: Failed Auth. CCU Limit Reached
2024-06-20 18:04:46,791 - ERROR: Failed Auth. CCU Limit Reached
2024-06-20 18:04:46,796 - ERROR: Failed Auth. CCU Limit Reached
2024-06-20 18:04:46,808 - ERROR: Failed Auth. CCU Limit Reached
2024-06-20 18:06:25,031 - WARNING: Error in loading license from server java.lang.Exception: no license key in AppConfig.json
2024-06-20 18:06:25,034 - WARNING: Running with 100 CCU limit
2024-06-20 18:06:42,311 - ERROR: Failed Auth. CCU Limit Reached
2024-06-20 18:06:42,330 - ERROR: Failed Auth. CCU Limit Reached
2024-06-20 18:06:42,338 - ERROR: Failed Auth. CCU Limit Reached
2024-06-20 18:06:42,403 - ERROR: Failed Auth. CCU Limit Reached
2024-06-20 18:06:42,471 - ERROR: Failed Auth. CCU Limit Reached
2024-06-20 18:06:42,525 - ERROR: Failed Auth. CCU Limit Reached
2024-06-20 18:06:42,617 - ERROR: Failed Auth. CCU Limit Reached
2024-06-20 18:06:42,734 - ERROR: Failed Auth. CCU Limit Reached
2024-06-20 18:06:42,831 - ERROR: Failed Auth. CCU Limit Reached
2024-06-20 18:06:42,905 - ERROR: Failed Auth. CCU Limit Reached
2024-06-20 18:06:42,984 - ERROR: Failed Auth. CCU Limit Reached
2024-06-20 18:06:42,988 - ERROR: Failed Auth. CCU Limit Reached
2024-06-20 18:06:43,038 - ERROR: Failed Auth. CCU Limit Reached
2024-06-20 18:06:43,050 - ERROR: Failed Auth. CCU Limit Reached
2024-06-20 18:06:43,055 - ERROR: Failed Auth. CCU Limit Reached
2024-06-20 18:06:43,065 - ERROR: Failed Auth. CCU Limit Reached
2024-06-20 18:06:43,066 - ERROR: Failed Auth. CCU Limit Reached
2024-06-20 18:06:43,071 - ERROR: Failed Auth. CCU Limit Reached
2024-06-20 18:06:43,071 - ERROR: Failed Auth. CCU Limit Reached
2024-06-20 18:06:43,083 - ERROR: Failed Auth. CCU Limit Reached
2024-06-20 18:06:43,085 - ERROR: Failed Auth. CCU Limit Reached
2024-06-20 18:06:43,092 - ERROR: Failed Auth. CCU Limit Reached
2024-06-20 18:06:43,102 - ERROR: Failed Auth. CCU Limit Reached
2024-06-20 18:06:43,104 - ERROR: Failed Auth. CCU Limit Reached
2024-06-20 18:06:43,106 - ERROR: Failed Auth. CCU Limit Reached
2024-06-20 18:06:43,115 - ERROR: Failed Auth. CCU Limit Reached
2024-06-20 18:06:43,118 - ERROR: Failed Auth. CCU Limit Reached
2024-06-20 18:06:43,122 - ERROR: Failed Auth. CCU Limit Reached
2024-06-20 18:06:43,126 - ERROR: Failed Auth. CCU Limit Reached
2024-06-20 18:06:43,138 - ERROR: Failed Auth. CCU Limit Reached
2024-06-20 18:10:08,335 - WARNING: Error in loading license from server java.lang.Exception: no license key in AppConfig.json
2024-06-20 18:10:08,340 - WARNING: Running with 100 CCU limit
2024-06-20 18:10:26,987 - ERROR: Failed Auth. CCU Limit Reached
2024-06-20 18:10:26,991 - ERROR: Failed Auth. CCU Limit Reached
2024-06-20 18:10:26,998 - ERROR: Failed Auth. CCU Limit Reached
2024-06-20 18:10:27,000 - ERROR: Failed Auth. CCU Limit Reached
2024-06-20 18:10:27,007 - ERROR: Failed Auth. CCU Limit Reached
2024-06-20 18:10:27,011 - ERROR: Failed Auth. CCU Limit Reached
2024-06-20 18:10:27,017 - ERROR: Failed Auth. CCU Limit Reached
2024-06-20 18:10:27,019 - ERROR: Failed Auth. CCU Limit Reached
2024-06-20 18:10:27,025 - ERROR: Failed Auth. CCU Limit Reached
2024-06-20 18:10:27,030 - ERROR: Failed Auth. CCU Limit Reached
2024-06-20 18:10:27,034 - ERROR: Failed Auth. CCU Limit Reached
2024-06-20 18:10:27,041 - ERROR: Failed Auth. CCU Limit Reached
2024-06-20 18:10:27,045 - ERROR: Failed Auth. CCU Limit Reached
2024-06-20 18:10:27,049 - ERROR: Failed Auth. CCU Limit Reached
2024-06-20 18:10:27,051 - ERROR: Failed Auth. CCU Limit Reached
2024-06-20 18:10:27,058 - ERROR: Failed Auth. CCU Limit Reached
2024-06-20 18:10:27,067 - ERROR: Failed Auth. CCU Limit Reached
2024-06-20 18:10:27,070 - ERROR: Failed Auth. CCU Limit Reached
2024-06-20 18:10:27,071 - ERROR: Failed Auth. CCU Limit Reached
2024-06-20 18:10:27,074 - ERROR: Failed Auth. CCU Limit Reached
2024-06-20 18:10:27,078 - ERROR: Failed Auth. CCU Limit Reached
2024-06-20 18:10:27,082 - ERROR: Failed Auth. CCU Limit Reached
2024-06-20 18:10:27,084 - ERROR: Failed Auth. CCU Limit Reached
2024-06-20 18:10:27,086 - ERROR: Failed Auth. CCU Limit Reached
2024-06-20 18:10:27,088 - ERROR: Failed Auth. CCU Limit Reached
2024-06-20 18:10:27,090 - ERROR: Failed Auth. CCU Limit Reached
2024-06-20 18:10:27,091 - ERROR: Failed Auth. CCU Limit Reached
2024-06-20 18:10:27,097 - ERROR: Failed Auth. CCU Limit Reached
2024-06-20 18:10:27,100 - ERROR: Failed Auth. CCU Limit Reached
2024-06-20 18:10:27,103 - ERROR: Failed Auth. CCU Limit Reached
2024-06-20 18:29:00,222 - WARNING: Error in loading license from server java.lang.Exception: no license key in AppConfig.json
2024-06-20 18:29:00,225 - WARNING: Running with 100 CCU limit
2024-06-20 18:29:13,712 - ERROR: Failed Auth. CCU Limit Reached
2024-06-20 18:29:13,716 - ERROR: Failed Auth. CCU Limit Reached
2024-06-20 18:29:13,716 - ERROR: Failed Auth. CCU Limit Reached
2024-06-20 18:29:13,718 - ERROR: Failed Auth. CCU Limit Reached
2024-06-20 18:29:13,722 - ERROR: Failed Auth. CCU Limit Reached
2024-06-20 18:29:13,722 - ERROR: Failed Auth. CCU Limit Reached
2024-06-20 18:29:13,724 - ERROR: Failed Auth. CCU Limit Reached
2024-06-20 18:29:13,750 - ERROR: Failed Auth. CCU Limit Reached
2024-06-20 18:29:13,811 - ERROR: Failed Auth. CCU Limit Reached
2024-06-20 18:29:13,812 - ERROR: Failed Auth. CCU Limit Reached
2024-06-20 18:29:13,812 - ERROR: Failed Auth. CCU Limit Reached
2024-06-20 18:29:13,813 - ERROR: Failed Auth. CCU Limit Reached
2024-06-20 18:29:13,814 - ERROR: Failed Auth. CCU Limit Reached
2024-06-20 18:29:13,815 - ERROR: Failed Auth. CCU Limit Reached
2024-06-20 18:29:13,816 - ERROR: Failed Auth. CCU Limit Reached
2024-06-20 18:29:13,817 - ERROR: Failed Auth. CCU Limit Reached
2024-06-20 18:29:13,817 - ERROR: Failed Auth. CCU Limit Reached
2024-06-20 18:29:13,817 - ERROR: Failed Auth. CCU Limit Reached
2024-06-20 18:29:13,822 - ERROR: Failed Auth. CCU Limit Reached
2024-06-20 18:29:13,822 - ERROR: Failed Auth. CCU Limit Reached
2024-06-20 18:29:13,822 - ERROR: Failed Auth. CCU Limit Reached
2024-06-20 18:29:13,826 - ERROR: Failed Auth. CCU Limit Reached
2024-06-20 18:29:13,826 - ERROR: Failed Auth. CCU Limit Reached
2024-06-20 18:29:13,829 - ERROR: Failed Auth. CCU Limit Reached
2024-06-20 18:29:13,832 - ERROR: Failed Auth. CCU Limit Reached
2024-06-20 18:29:13,834 - ERROR: Failed Auth. CCU Limit Reached
2024-06-20 18:29:13,837 - ERROR: Failed Auth. CCU Limit Reached
2024-06-20 18:29:13,838 - ERROR: Failed Auth. CCU Limit Reached
2024-06-20 18:29:13,838 - ERROR: Failed Auth. CCU Limit Reached
2024-06-20 18:29:13,842 - ERROR: Failed Auth. CCU Limit Reached
2024-06-20 18:29:45,849 - ERROR: Failed Auth. CCU Limit Reached
2024-06-20 18:29:45,849 - ERROR: Failed Auth. CCU Limit Reached
2024-06-20 18:29:45,850 - ERROR: Failed Auth. CCU Limit Reached
2024-06-20 18:29:45,851 - ERROR: Failed Auth. CCU Limit Reached
2024-06-20 18:29:45,852 - ERROR: Failed Auth. CCU Limit Reached
2024-06-20 18:29:45,853 - ERROR: Failed Auth. CCU Limit Reached
2024-06-20 18:29:45,853 - ERROR: Failed Auth. CCU Limit Reached
2024-06-20 18:29:45,853 - ERROR: Failed Auth. CCU Limit Reached
2024-06-20 18:29:45,853 - ERROR: Failed Auth. CCU Limit Reached
2024-06-20 18:29:45,854 - ERROR: Failed Auth. CCU Limit Reached
2024-06-20 18:29:45,855 - ERROR: Failed Auth. CCU Limit Reached
2024-06-20 18:29:45,854 - ERROR: Failed Auth. CCU Limit Reached
2024-06-20 18:29:45,857 - ERROR: Failed Auth. CCU Limit Reached
2024-06-20 18:29:45,857 - ERROR: Failed Auth. CCU Limit Reached
2024-06-20 18:29:45,858 - ERROR: Failed Auth. CCU Limit Reached
2024-06-20 18:29:45,860 - ERROR: Failed Auth. CCU Limit Reached
2024-06-20 18:29:45,860 - ERROR: Failed Auth. CCU Limit Reached
2024-06-20 18:29:45,860 - ERROR: Failed Auth. CCU Limit Reached
2024-06-20 18:29:45,863 - ERROR: Failed Auth. CCU Limit Reached
2024-06-20 18:29:45,863 - ERROR: Failed Auth. CCU Limit Reached
2024-06-20 18:29:45,864 - ERROR: Failed Auth. CCU Limit Reached
2024-06-20 18:29:45,864 - ERROR: Failed Auth. CCU Limit Reached
2024-06-20 18:29:45,864 - ERROR: Failed Auth. CCU Limit Reached
2024-06-20 18:29:45,864 - ERROR: Failed Auth. CCU Limit Reached
2024-06-20 18:29:45,864 - ERROR: Failed Auth. CCU Limit Reached
2024-06-20 18:29:45,865 - ERROR: Failed Auth. CCU Limit Reached
2024-06-20 18:29:45,867 - ERROR: Failed Auth. CCU Limit Reached
2024-06-20 18:29:45,868 - ERROR: Failed Auth. CCU Limit Reached
2024-06-20 18:29:45,868 - ERROR: Failed Auth. CCU Limit Reached
2024-06-20 18:29:45,868 - ERROR: Failed Auth. CCU Limit Reached
2024-06-20 18:29:45,868 - ERROR: Failed Auth. CCU Limit Reached
2024-06-20 18:29:45,869 - ERROR: Failed Auth. CCU Limit Reached
2024-06-20 18:29:45,869 - ERROR: Failed Auth. CCU Limit Reached
2024-06-20 18:29:45,869 - ERROR: Failed Auth. CCU Limit Reached
2024-06-20 18:29:45,870 - ERROR: Failed Auth. CCU Limit Reached
2024-06-20 18:29:45,870 - ERROR: Failed Auth. CCU Limit Reached
2024-06-20 18:29:45,870 - ERROR: Failed Auth. CCU Limit Reached
2024-06-20 18:29:45,871 - ERROR: Failed Auth. CCU Limit Reached
2024-06-20 18:29:45,871 - ERROR: Failed Auth. CCU Limit Reached
2024-06-20 18:29:45,871 - ERROR: Failed Auth. CCU Limit Reached
2024-06-20 18:29:45,874 - ERROR: Failed Auth. CCU Limit Reached
2024-06-20 18:29:45,874 - ERROR: Failed Auth. CCU Limit Reached
2024-06-20 18:29:45,875 - ERROR: Failed Auth. CCU Limit Reached
2024-06-20 18:29:45,875 - ERROR: Failed Auth. CCU Limit Reached
2024-06-20 18:29:45,876 - ERROR: Failed Auth. CCU Limit Reached
2024-06-21 09:28:54,028 - WARNING: Error in loading license from server java.lang.Exception: no license key in AppConfig.json
2024-06-21 09:28:54,035 - WARNING: Running with 100 CCU limit
2024-06-21 09:31:05,851 - ERROR: Failed Auth. CCU Limit Reached
2024-06-21 09:31:05,856 - ERROR: Failed Auth. CCU Limit Reached
2024-06-21 09:31:05,856 - ERROR: Failed Auth. CCU Limit Reached
2024-06-21 09:31:05,857 - ERROR: Failed Auth. CCU Limit Reached
2024-06-21 09:31:05,858 - ERROR: Failed Auth. CCU Limit Reached
2024-06-21 09:31:05,859 - ERROR: Failed Auth. CCU Limit Reached
2024-06-21 09:31:05,860 - ERROR: Failed Auth. CCU Limit Reached
2024-06-21 09:31:05,862 - ERROR: Failed Auth. CCU Limit Reached
2024-06-21 09:31:05,871 - ERROR: Failed Auth. CCU Limit Reached
2024-06-21 09:31:05,877 - ERROR: Failed Auth. CCU Limit Reached
2024-06-21 09:31:05,882 - ERROR: Failed Auth. CCU Limit Reached
2024-06-21 09:31:05,883 - ERROR: Failed Auth. CCU Limit Reached
2024-06-21 09:31:05,891 - ERROR: Failed Auth. CCU Limit Reached
2024-06-21 09:31:05,892 - ERROR: Failed Auth. CCU Limit Reached
2024-06-21 09:31:05,893 - ERROR: Failed Auth. CCU Limit Reached
2024-06-21 09:31:05,893 - ERROR: Failed Auth. CCU Limit Reached
2024-06-21 09:31:05,894 - ERROR: Failed Auth. CCU Limit Reached
2024-06-21 09:31:05,894 - ERROR: Failed Auth. CCU Limit Reached
2024-06-21 09:31:05,894 - ERROR: Failed Auth. CCU Limit Reached
2024-06-21 09:31:05,895 - ERROR: Failed Auth. CCU Limit Reached
2024-06-21 09:31:05,895 - ERROR: Failed Auth. CCU Limit Reached
2024-06-21 09:31:05,895 - ERROR: Failed Auth. CCU Limit Reached
2024-06-21 09:31:05,896 - ERROR: Failed Auth. CCU Limit Reached
2024-06-21 09:31:05,896 - ERROR: Failed Auth. CCU Limit Reached
2024-06-21 09:31:05,901 - ERROR: Failed Auth. CCU Limit Reached
2024-06-21 09:31:05,902 - ERROR: Failed Auth. CCU Limit Reached
2024-06-21 09:31:05,905 - ERROR: Failed Auth. CCU Limit Reached
2024-06-21 09:31:05,910 - ERROR: Failed Auth. CCU Limit Reached
2024-06-21 09:31:05,913 - ERROR: Failed Auth. CCU Limit Reached
2024-06-21 09:31:05,920 - ERROR: Failed Auth. CCU Limit Reached
2024-06-21 09:35:39,366 - WARNING: Error in loading license from server java.lang.Exception: no license key in AppConfig.json
2024-06-21 09:35:39,370 - WARNING: Running with 100 CCU limit
2024-06-21 09:36:08,888 - ERROR: Failed Auth. CCU Limit Reached
2024-06-21 09:36:08,889 - ERROR: Failed Auth. CCU Limit Reached
2024-06-21 09:36:08,891 - ERROR: Failed Auth. CCU Limit Reached
2024-06-21 09:36:08,893 - ERROR: Failed Auth. CCU Limit Reached
2024-06-21 09:36:08,896 - ERROR: Failed Auth. CCU Limit Reached
2024-06-21 09:36:08,898 - ERROR: Failed Auth. CCU Limit Reached
2024-06-21 09:36:08,900 - ERROR: Failed Auth. CCU Limit Reached
2024-06-21 09:36:08,902 - ERROR: Failed Auth. CCU Limit Reached
2024-06-21 09:36:08,905 - ERROR: Failed Auth. CCU Limit Reached
2024-06-21 09:36:08,908 - ERROR: Failed Auth. CCU Limit Reached
2024-06-21 09:36:08,909 - ERROR: Failed Auth. CCU Limit Reached
2024-06-21 09:36:08,914 - ERROR: Failed Auth. CCU Limit Reached
2024-06-21 09:36:08,916 - ERROR: Failed Auth. CCU Limit Reached
2024-06-21 09:36:08,917 - ERROR: Failed Auth. CCU Limit Reached
2024-06-21 09:36:08,923 - ERROR: Failed Auth. CCU Limit Reached
2024-06-21 09:36:08,924 - ERROR: Failed Auth. CCU Limit Reached
2024-06-21 09:36:08,925 - ERROR: Failed Auth. CCU Limit Reached
2024-06-21 09:36:08,928 - ERROR: Failed Auth. CCU Limit Reached
2024-06-21 09:36:08,931 - ERROR: Failed Auth. CCU Limit Reached
2024-06-21 09:36:08,933 - ERROR: Failed Auth. CCU Limit Reached
2024-06-21 09:36:08,934 - ERROR: Failed Auth. CCU Limit Reached
2024-06-21 09:36:08,936 - ERROR: Failed Auth. CCU Limit Reached
2024-06-21 09:36:08,938 - ERROR: Failed Auth. CCU Limit Reached
2024-06-21 09:36:08,940 - ERROR: Failed Auth. CCU Limit Reached
2024-06-21 09:36:08,942 - ERROR: Failed Auth. CCU Limit Reached
2024-06-21 09:36:08,944 - ERROR: Failed Auth. CCU Limit Reached
2024-06-21 09:36:08,948 - ERROR: Failed Auth. CCU Limit Reached
2024-06-21 09:36:08,949 - ERROR: Failed Auth. CCU Limit Reached
2024-06-21 09:36:08,951 - ERROR: Failed Auth. CCU Limit Reached
2024-06-21 09:36:08,953 - ERROR: Failed Auth. CCU Limit Reached
2024-06-21 09:37:54,929 - ERROR: Failed Auth. CCU Limit Reached
2024-06-21 09:37:54,930 - ERROR: Failed Auth. CCU Limit Reached
2024-06-21 09:37:54,932 - ERROR: Failed Auth. CCU Limit Reached
2024-06-21 09:37:54,937 - ERROR: Failed Auth. CCU Limit Reached
2024-06-21 09:37:54,940 - ERROR: Failed Auth. CCU Limit Reached
2024-06-21 09:37:54,945 - ERROR: Failed Auth. CCU Limit Reached
2024-06-21 09:37:54,946 - ERROR: Failed Auth. CCU Limit Reached
2024-06-21 09:37:54,948 - ERROR: Failed Auth. CCU Limit Reached
2024-06-21 09:37:54,953 - ERROR: Failed Auth. CCU Limit Reached
2024-06-21 09:37:54,955 - ERROR: Failed Auth. CCU Limit Reached
2024-06-21 09:37:54,958 - ERROR: Failed Auth. CCU Limit Reached
2024-06-21 09:37:54,960 - ERROR: Failed Auth. CCU Limit Reached
2024-06-21 09:37:54,962 - ERROR: Failed Auth. CCU Limit Reached
2024-06-21 09:37:54,963 - ERROR: Failed Auth. CCU Limit Reached
2024-06-21 09:37:54,965 - ERROR: Failed Auth. CCU Limit Reached
2024-06-21 09:37:54,970 - ERROR: Failed Auth. CCU Limit Reached
2024-06-21 09:37:54,975 - ERROR: Failed Auth. CCU Limit Reached
2024-06-21 09:37:54,976 - ERROR: Failed Auth. CCU Limit Reached
2024-06-21 09:37:54,979 - ERROR: Failed Auth. CCU Limit Reached
2024-06-21 09:37:54,981 - ERROR: Failed Auth. CCU Limit Reached
2024-06-21 09:37:54,986 - ERROR: Failed Auth. CCU Limit Reached
2024-06-21 09:37:54,987 - ERROR: Failed Auth. CCU Limit Reached
2024-06-21 09:37:54,990 - ERROR: Failed Auth. CCU Limit Reached
2024-06-21 09:37:54,992 - ERROR: Failed Auth. CCU Limit Reached
2024-06-21 09:37:54,993 - ERROR: Failed Auth. CCU Limit Reached
2024-06-21 09:37:54,996 - ERROR: Failed Auth. CCU Limit Reached
2024-06-21 09:37:54,997 - ERROR: Failed Auth. CCU Limit Reached
2024-06-21 09:37:55,004 - ERROR: Failed Auth. CCU Limit Reached
2024-06-21 09:37:55,007 - ERROR: Failed Auth. CCU Limit Reached
2024-06-21 09:37:55,011 - ERROR: Failed Auth. CCU Limit Reached
2024-06-21 09:37:55,014 - ERROR: Failed Auth. CCU Limit Reached
2024-06-21 09:38:38,384 - WARNING: Error in loading license from server java.lang.Exception: no license key in AppConfig.json
2024-06-21 09:38:38,388 - WARNING: Running with 100 CCU limit
2024-06-21 09:38:57,765 - ERROR: Failed Auth. CCU Limit Reached
2024-06-21 09:38:57,773 - ERROR: Failed Auth. CCU Limit Reached
2024-06-21 09:38:57,775 - ERROR: Failed Auth. CCU Limit Reached
2024-06-21 09:38:57,778 - ERROR: Failed Auth. CCU Limit Reached
2024-06-21 09:38:57,779 - ERROR: Failed Auth. CCU Limit Reached
2024-06-21 09:38:57,781 - ERROR: Failed Auth. CCU Limit Reached
2024-06-21 09:38:57,783 - ERROR: Failed Auth. CCU Limit Reached
2024-06-21 09:38:57,785 - ERROR: Failed Auth. CCU Limit Reached
2024-06-21 09:38:57,786 - ERROR: Failed Auth. CCU Limit Reached
2024-06-21 09:38:57,791 - ERROR: Failed Auth. CCU Limit Reached
2024-06-21 09:38:57,794 - ERROR: Failed Auth. CCU Limit Reached
2024-06-21 09:38:57,797 - ERROR: Failed Auth. CCU Limit Reached
2024-06-21 09:38:57,798 - ERROR: Failed Auth. CCU Limit Reached
2024-06-21 09:38:57,801 - ERROR: Failed Auth. CCU Limit Reached
2024-06-21 09:38:57,804 - ERROR: Failed Auth. CCU Limit Reached
2024-06-21 09:38:57,808 - ERROR: Failed Auth. CCU Limit Reached
2024-06-21 09:38:57,814 - ERROR: Failed Auth. CCU Limit Reached
2024-06-21 09:38:57,814 - ERROR: Failed Auth. CCU Limit Reached
2024-06-21 09:38:57,816 - ERROR: Failed Auth. CCU Limit Reached
2024-06-21 09:38:57,818 - ERROR: Failed Auth. CCU Limit Reached
2024-06-21 09:38:57,819 - ERROR: Failed Auth. CCU Limit Reached
2024-06-21 09:38:57,824 - ERROR: Failed Auth. CCU Limit Reached
2024-06-21 09:38:57,827 - ERROR: Failed Auth. CCU Limit Reached
2024-06-21 09:38:57,834 - ERROR: Failed Auth. CCU Limit Reached
2024-06-21 09:38:57,837 - ERROR: Failed Auth. CCU Limit Reached
2024-06-21 09:38:57,848 - ERROR: Failed Auth. CCU Limit Reached
2024-06-21 09:38:57,851 - ERROR: Failed Auth. CCU Limit Reached
2024-06-21 09:38:57,856 - ERROR: Failed Auth. CCU Limit Reached
2024-06-21 09:38:57,859 - ERROR: Failed Auth. CCU Limit Reached
2024-06-21 09:38:57,863 - ERROR: Failed Auth. CCU Limit Reached
2024-06-21 09:43:03,541 - WARNING: Error in loading license from server java.lang.Exception: no license key in AppConfig.json
2024-06-21 09:43:03,544 - WARNING: Running with 100 CCU limit
2024-06-21 09:43:46,182 - ERROR: Failed Auth. CCU Limit Reached
2024-06-21 09:43:46,198 - ERROR: Failed Auth. CCU Limit Reached
2024-06-21 09:43:46,198 - ERROR: Failed Auth. CCU Limit Reached
2024-06-21 09:43:46,219 - ERROR: Failed Auth. CCU Limit Reached
2024-06-21 09:43:46,222 - ERROR: Failed Auth. CCU Limit Reached
2024-06-21 09:43:46,248 - ERROR: Failed Auth. CCU Limit Reached
2024-06-21 09:43:46,255 - ERROR: Failed Auth. CCU Limit Reached
2024-06-21 09:43:46,274 - ERROR: Failed Auth. CCU Limit Reached
2024-06-21 09:43:46,277 - ERROR: Failed Auth. CCU Limit Reached
2024-06-21 09:43:46,286 - ERROR: Failed Auth. CCU Limit Reached
2024-06-21 09:43:46,288 - ERROR: Failed Auth. CCU Limit Reached
2024-06-21 09:43:46,294 - ERROR: Failed Auth. CCU Limit Reached
2024-06-21 09:43:46,297 - ERROR: Failed Auth. CCU Limit Reached
2024-06-21 09:43:46,299 - ERROR: Failed Auth. CCU Limit Reached
2024-06-21 09:43:46,303 - ERROR: Failed Auth. CCU Limit Reached
2024-06-21 09:43:46,307 - ERROR: Failed Auth. CCU Limit Reached
2024-06-21 09:43:46,314 - ERROR: Failed Auth. CCU Limit Reached
2024-06-21 09:43:46,317 - ERROR: Failed Auth. CCU Limit Reached
2024-06-21 09:43:46,320 - ERROR: Failed Auth. CCU Limit Reached
2024-06-21 09:43:46,330 - ERROR: Failed Auth. CCU Limit Reached
2024-06-21 09:43:46,339 - ERROR: Failed Auth. CCU Limit Reached
2024-06-21 09:43:46,344 - ERROR: Failed Auth. CCU Limit Reached
2024-06-21 09:43:46,351 - ERROR: Failed Auth. CCU Limit Reached
2024-06-21 09:43:46,364 - ERROR: Failed Auth. CCU Limit Reached
2024-06-21 09:43:46,367 - ERROR: Failed Auth. CCU Limit Reached
2024-06-21 09:43:46,378 - ERROR: Failed Auth. CCU Limit Reached
2024-06-21 09:43:46,380 - ERROR: Failed Auth. CCU Limit Reached
2024-06-21 09:43:46,393 - ERROR: Failed Auth. CCU Limit Reached
2024-06-21 09:43:46,403 - ERROR: Failed Auth. CCU Limit Reached
2024-06-21 09:43:46,404 - ERROR: Failed Auth. CCU Limit Reached
2024-06-21 09:46:23,996 - WARNING: Error in loading license from server java.lang.Exception: no license key in AppConfig.json
2024-06-21 09:46:23,999 - WARNING: Running with 100 CCU limit
2024-06-21 09:46:36,760 - ERROR: Failed Auth. CCU Limit Reached
2024-06-21 09:46:36,760 - ERROR: Failed Auth. CCU Limit Reached
2024-06-21 09:46:36,769 - ERROR: Failed Auth. CCU Limit Reached
2024-06-21 09:46:36,791 - ERROR: Failed Auth. CCU Limit Reached
2024-06-21 09:46:36,797 - ERROR: Failed Auth. CCU Limit Reached
2024-06-21 09:46:36,802 - ERROR: Failed Auth. CCU Limit Reached
2024-06-21 09:46:36,811 - ERROR: Failed Auth. CCU Limit Reached
2024-06-21 09:46:36,811 - ERROR: Failed Auth. CCU Limit Reached
2024-06-21 09:46:36,816 - ERROR: Failed Auth. CCU Limit Reached
2024-06-21 09:46:36,817 - ERROR: Failed Auth. CCU Limit Reached
2024-06-21 09:46:36,821 - ERROR: Failed Auth. CCU Limit Reached
2024-06-21 09:46:36,824 - ERROR: Failed Auth. CCU Limit Reached
2024-06-21 09:46:36,827 - ERROR: Failed Auth. CCU Limit Reached
2024-06-21 09:46:36,830 - ERROR: Failed Auth. CCU Limit Reached
2024-06-21 09:46:36,835 - ERROR: Failed Auth. CCU Limit Reached
2024-06-21 09:46:36,840 - ERROR: Failed Auth. CCU Limit Reached
2024-06-21 09:46:36,846 - ERROR: Failed Auth. CCU Limit Reached
2024-06-21 09:46:36,848 - ERROR: Failed Auth. CCU Limit Reached
2024-06-21 09:46:36,865 - ERROR: Failed Auth. CCU Limit Reached
2024-06-21 09:46:36,867 - ERROR: Failed Auth. CCU Limit Reached
2024-06-21 09:46:36,880 - ERROR: Failed Auth. CCU Limit Reached
2024-06-21 09:46:36,885 - ERROR: Failed Auth. CCU Limit Reached
2024-06-21 09:46:36,894 - ERROR: Failed Auth. CCU Limit Reached
2024-06-21 09:46:36,899 - ERROR: Failed Auth. CCU Limit Reached
2024-06-21 09:46:36,902 - ERROR: Failed Auth. CCU Limit Reached
2024-06-21 09:46:36,909 - ERROR: Failed Auth. CCU Limit Reached
2024-06-21 09:46:36,914 - ERROR: Failed Auth. CCU Limit Reached
2024-06-21 09:46:36,915 - ERROR: Failed Auth. CCU Limit Reached
2024-06-21 09:46:36,919 - ERROR: Failed Auth. CCU Limit Reached
2024-06-21 09:46:36,925 - ERROR: Failed Auth. CCU Limit Reached
2024-06-21 09:51:22,454 - WARNING: Error in loading license from server java.lang.Exception: no license key in AppConfig.json
2024-06-21 09:51:22,457 - WARNING: Running with 100 CCU limit
2024-06-21 09:51:53,943 - ERROR: Failed Auth. CCU Limit Reached
2024-06-21 09:51:53,950 - ERROR: Failed Auth. CCU Limit Reached
2024-06-21 09:51:53,953 - ERROR: Failed Auth. CCU Limit Reached
2024-06-21 09:51:53,969 - ERROR: Failed Auth. CCU Limit Reached
2024-06-21 09:51:53,971 - ERROR: Failed Auth. CCU Limit Reached
2024-06-21 09:51:53,982 - ERROR: Failed Auth. CCU Limit Reached
2024-06-21 09:51:53,986 - ERROR: Failed Auth. CCU Limit Reached
2024-06-21 09:51:53,997 - ERROR: Failed Auth. CCU Limit Reached
2024-06-21 09:51:54,000 - ERROR: Failed Auth. CCU Limit Reached
2024-06-21 09:51:54,008 - ERROR: Failed Auth. CCU Limit Reached
2024-06-21 09:51:54,013 - ERROR: Failed Auth. CCU Limit Reached
2024-06-21 09:51:54,015 - ERROR: Failed Auth. CCU Limit Reached
2024-06-21 09:51:54,028 - ERROR: Failed Auth. CCU Limit Reached
2024-06-21 09:51:54,039 - ERROR: Failed Auth. CCU Limit Reached
2024-06-21 09:51:54,043 - ERROR: Failed Auth. CCU Limit Reached
2024-06-21 09:51:54,051 - ERROR: Failed Auth. CCU Limit Reached
2024-06-21 09:51:54,059 - ERROR: Failed Auth. CCU Limit Reached
2024-06-21 09:51:54,063 - ERROR: Failed Auth. CCU Limit Reached
2024-06-21 09:51:54,069 - ERROR: Failed Auth. CCU Limit Reached
2024-06-21 09:51:54,087 - ERROR: Failed Auth. CCU Limit Reached
2024-06-21 09:51:54,099 - ERROR: Failed Auth. CCU Limit Reached
2024-06-21 09:51:54,113 - ERROR: Failed Auth. CCU Limit Reached
2024-06-21 09:51:54,119 - ERROR: Failed Auth. CCU Limit Reached
2024-06-21 09:51:54,125 - ERROR: Failed Auth. CCU Limit Reached
2024-06-21 09:51:54,128 - ERROR: Failed Auth. CCU Limit Reached
2024-06-21 09:51:54,153 - ERROR: Failed Auth. CCU Limit Reached
2024-06-21 09:51:54,154 - ERROR: Failed Auth. CCU Limit Reached
2024-06-21 09:51:54,181 - ERROR: Failed Auth. CCU Limit Reached
2024-06-21 09:51:54,182 - ERROR: Failed Auth. CCU Limit Reached
2024-06-21 09:51:54,186 - ERROR: Failed Auth. CCU Limit Reached
2024-06-21 09:54:38,902 - WARNING: Error in loading license from server java.lang.Exception: no license key in AppConfig.json
2024-06-21 09:54:38,905 - WARNING: Running with 100 CCU limit
2024-06-21 09:55:01,763 - ERROR: Failed Auth. CCU Limit Reached
2024-06-21 09:55:01,763 - ERROR: Failed Auth. CCU Limit Reached
2024-06-21 09:55:01,831 - ERROR: Failed Auth. CCU Limit Reached
2024-06-21 09:55:01,831 - ERROR: Failed Auth. CCU Limit Reached
2024-06-21 09:55:01,877 - ERROR: Failed Auth. CCU Limit Reached
2024-06-21 09:55:01,888 - ERROR: Failed Auth. CCU Limit Reached
2024-06-21 09:55:01,890 - ERROR: Failed Auth. CCU Limit Reached
2024-06-21 09:55:01,896 - ERROR: Failed Auth. CCU Limit Reached
2024-06-21 09:55:01,896 - ERROR: Failed Auth. CCU Limit Reached
2024-06-21 09:55:01,920 - ERROR: Failed Auth. CCU Limit Reached
2024-06-21 09:55:01,926 - ERROR: Failed Auth. CCU Limit Reached
2024-06-21 09:55:01,928 - ERROR: Failed Auth. CCU Limit Reached
2024-06-21 09:55:01,930 - ERROR: Failed Auth. CCU Limit Reached
2024-06-21 09:55:01,931 - ERROR: Failed Auth. CCU Limit Reached
2024-06-21 09:55:01,932 - ERROR: Failed Auth. CCU Limit Reached
2024-06-21 09:55:01,934 - ERROR: Failed Auth. CCU Limit Reached
2024-06-21 09:55:01,936 - ERROR: Failed Auth. CCU Limit Reached
2024-06-21 09:55:01,939 - ERROR: Failed Auth. CCU Limit Reached
2024-06-21 09:55:01,944 - ERROR: Failed Auth. CCU Limit Reached
2024-06-21 09:55:01,952 - ERROR: Failed Auth. CCU Limit Reached
2024-06-21 09:55:01,952 - ERROR: Failed Auth. CCU Limit Reached
2024-06-21 09:55:01,959 - ERROR: Failed Auth. CCU Limit Reached
2024-06-21 09:55:01,961 - ERROR: Failed Auth. CCU Limit Reached
2024-06-21 09:55:01,969 - ERROR: Failed Auth. CCU Limit Reached
2024-06-21 09:55:01,975 - ERROR: Failed Auth. CCU Limit Reached
2024-06-21 09:55:01,980 - ERROR: Failed Auth. CCU Limit Reached
2024-06-21 09:55:01,983 - ERROR: Failed Auth. CCU Limit Reached
2024-06-21 09:55:01,987 - ERROR: Failed Auth. CCU Limit Reached
2024-06-21 09:55:01,988 - ERROR: Failed Auth. CCU Limit Reached
2024-06-21 09:55:01,991 - ERROR: Failed Auth. CCU Limit Reached
2024-06-21 10:05:11,146 - WARNING: Error in loading license from server java.lang.Exception: no license key in AppConfig.json
2024-06-21 10:05:11,171 - WARNING: Running with 100 CCU limit
2024-06-21 10:05:45,772 - ERROR: Failed Auth. CCU Limit Reached
2024-06-21 10:05:45,776 - ERROR: Failed Auth. CCU Limit Reached
2024-06-21 10:05:45,792 - ERROR: Failed Auth. CCU Limit Reached
2024-06-21 10:05:45,792 - ERROR: Failed Auth. CCU Limit Reached
2024-06-21 10:05:45,800 - ERROR: Failed Auth. CCU Limit Reached
2024-06-21 10:05:45,808 - ERROR: Failed Auth. CCU Limit Reached
2024-06-21 10:05:45,822 - ERROR: Failed Auth. CCU Limit Reached
2024-06-21 10:05:45,822 - ERROR: Failed Auth. CCU Limit Reached
2024-06-21 10:05:45,828 - ERROR: Failed Auth. CCU Limit Reached
2024-06-21 10:05:45,832 - ERROR: Failed Auth. CCU Limit Reached
2024-06-21 10:05:45,835 - ERROR: Failed Auth. CCU Limit Reached
2024-06-21 10:05:45,842 - ERROR: Failed Auth. CCU Limit Reached
2024-06-21 10:05:45,853 - ERROR: Failed Auth. CCU Limit Reached
2024-06-21 10:05:45,860 - ERROR: Failed Auth. CCU Limit Reached
2024-06-21 10:05:45,862 - ERROR: Failed Auth. CCU Limit Reached
2024-06-21 10:05:45,867 - ERROR: Failed Auth. CCU Limit Reached
2024-06-21 10:05:45,869 - ERROR: Failed Auth. CCU Limit Reached
2024-06-21 10:05:45,874 - ERROR: Failed Auth. CCU Limit Reached
2024-06-21 10:05:45,882 - ERROR: Failed Auth. CCU Limit Reached
2024-06-21 10:05:45,891 - ERROR: Failed Auth. CCU Limit Reached
2024-06-21 10:05:45,902 - ERROR: Failed Auth. CCU Limit Reached
2024-06-21 10:05:45,905 - ERROR: Failed Auth. CCU Limit Reached
2024-06-21 10:05:45,911 - ERROR: Failed Auth. CCU Limit Reached
2024-06-21 10:05:45,912 - ERROR: Failed Auth. CCU Limit Reached
2024-06-21 10:05:45,925 - ERROR: Failed Auth. CCU Limit Reached
2024-06-21 10:05:45,938 - ERROR: Failed Auth. CCU Limit Reached
2024-06-21 10:05:45,940 - ERROR: Failed Auth. CCU Limit Reached
2024-06-21 10:05:45,955 - ERROR: Failed Auth. CCU Limit Reached
2024-06-21 10:05:45,957 - ERROR: Failed Auth. CCU Limit Reached
2024-06-21 10:05:45,960 - ERROR: Failed Auth. CCU Limit Reached
2024-06-21 10:11:20,601 - WARNING: Error in loading license from server java.lang.Exception: no license key in AppConfig.json
2024-06-21 10:11:20,609 - WARNING: Running with 100 CCU limit
2024-06-21 10:14:40,322 - WARNING: Error in loading license from server java.lang.Exception: no license key in AppConfig.json
2024-06-21 10:14:40,327 - WARNING: Running with 100 CCU limit
2024-06-21 10:21:41,126 - WARNING: Error in loading license from server java.lang.Exception: no license key in AppConfig.json
2024-06-21 10:21:41,133 - WARNING: Running with 100 CCU limit
2024-06-21 10:25:25,814 - WARNING: Error in loading license from server java.lang.Exception: no license key in AppConfig.json
2024-06-21 10:25:25,819 - WARNING: Running with 100 CCU limit
2024-06-21 10:26:37,806 - WARNING: Error in loading license from server java.lang.Exception: no license key in AppConfig.json
2024-06-21 10:26:37,812 - WARNING: Running with 100 CCU limit
2024-06-21 10:40:57,337 - WARNING: Error in loading license from server java.lang.Exception: no license key in AppConfig.json
2024-06-21 10:40:57,340 - WARNING: Running with 100 CCU limit
2024-06-21 10:43:50,031 - WARNING: Error in loading license from server java.lang.Exception: no license key in AppConfig.json
2024-06-21 10:43:50,035 - WARNING: Running with 100 CCU limit
2024-06-21 10:44:44,056 - WARNING: Error in loading license from server java.lang.Exception: no license key in AppConfig.json
2024-06-21 10:44:44,059 - WARNING: Running with 100 CCU limit
2024-06-21 10:47:42,120 - WARNING: Error in loading license from server java.lang.Exception: no license key in AppConfig.json
2024-06-21 10:47:42,123 - WARNING: Running with 100 CCU limit
2024-06-21 10:47:46,582 - WARNING: Error in loading license from server java.lang.Exception: no license key in AppConfig.json
2024-06-21 10:47:46,587 - WARNING: Running with 100 CCU limit
2024-06-21 10:49:00,591 - WARNING: Error in loading license from server java.lang.Exception: no license key in AppConfig.json
2024-06-21 10:49:00,595 - WARNING: Running with 100 CCU limit
2024-06-21 10:50:11,119 - WARNING: Error in loading license from server java.lang.Exception: no license key in AppConfig.json
2024-06-21 10:50:11,124 - WARNING: Running with 100 CCU limit
2024-06-21 10:53:00,559 - WARNING: Error in loading license from server java.lang.Exception: no license key in AppConfig.json
2024-06-21 10:53:00,562 - WARNING: Running with 100 CCU limit
2024-06-21 10:57:45,493 - WARNING: Error in loading license from server java.lang.Exception: no license key in AppConfig.json
2024-06-21 10:57:45,496 - WARNING: Running with 100 CCU limit
2024-06-21 10:58:11,868 - ERROR: Failed Auth. CCU Limit Reached
2024-06-21 10:58:11,874 - ERROR: Failed Auth. CCU Limit Reached
2024-06-21 10:58:11,877 - ERROR: Failed Auth. CCU Limit Reached
2024-06-21 10:58:11,884 - ERROR: Failed Auth. CCU Limit Reached
2024-06-21 10:58:11,887 - ERROR: Failed Auth. CCU Limit Reached
2024-06-21 10:58:11,892 - ERROR: Failed Auth. CCU Limit Reached
2024-06-21 10:58:11,893 - ERROR: Failed Auth. CCU Limit Reached
2024-06-21 10:58:11,896 - ERROR: Failed Auth. CCU Limit Reached
2024-06-21 10:58:11,905 - ERROR: Failed Auth. CCU Limit Reached
2024-06-21 10:58:11,908 - ERROR: Failed Auth. CCU Limit Reached
2024-06-21 10:58:11,915 - ERROR: Failed Auth. CCU Limit Reached
2024-06-21 10:58:11,920 - ERROR: Failed Auth. CCU Limit Reached
2024-06-21 10:58:11,923 - ERROR: Failed Auth. CCU Limit Reached
2024-06-21 10:58:11,928 - ERROR: Failed Auth. CCU Limit Reached
2024-06-21 10:58:11,930 - ERROR: Failed Auth. CCU Limit Reached
2024-06-21 10:58:11,935 - ERROR: Failed Auth. CCU Limit Reached
2024-06-21 10:58:11,943 - ERROR: Failed Auth. CCU Limit Reached
2024-06-21 10:58:11,945 - ERROR: Failed Auth. CCU Limit Reached
2024-06-21 10:58:11,955 - ERROR: Failed Auth. CCU Limit Reached
2024-06-21 10:58:11,956 - ERROR: Failed Auth. CCU Limit Reached
2024-06-21 10:58:11,967 - ERROR: Failed Auth. CCU Limit Reached
2024-06-21 10:58:11,968 - ERROR: Failed Auth. CCU Limit Reached
2024-06-21 10:58:11,974 - ERROR: Failed Auth. CCU Limit Reached
2024-06-21 10:58:11,976 - ERROR: Failed Auth. CCU Limit Reached
2024-06-21 10:58:11,982 - ERROR: Failed Auth. CCU Limit Reached
2024-06-21 10:58:11,985 - ERROR: Failed Auth. CCU Limit Reached
2024-06-21 10:58:11,994 - ERROR: Failed Auth. CCU Limit Reached
2024-06-21 10:58:11,995 - ERROR: Failed Auth. CCU Limit Reached
2024-06-21 10:58:12,000 - ERROR: Failed Auth. CCU Limit Reached
2024-06-21 10:58:12,008 - ERROR: Failed Auth. CCU Limit Reached
2024-06-21 11:04:28,568 - WARNING: Error in loading license from server java.lang.Exception: no license key in AppConfig.json
2024-06-21 11:04:28,570 - WARNING: Running with 100 CCU limit
2024-06-21 11:04:41,511 - ERROR: Failed Auth. CCU Limit Reached
2024-06-21 11:04:41,516 - ERROR: Failed Auth. CCU Limit Reached
2024-06-21 11:04:41,522 - ERROR: Failed Auth. CCU Limit Reached
2024-06-21 11:04:41,526 - ERROR: Failed Auth. CCU Limit Reached
2024-06-21 11:04:41,539 - ERROR: Failed Auth. CCU Limit Reached
2024-06-21 11:04:41,540 - ERROR: Failed Auth. CCU Limit Reached
2024-06-21 11:04:41,552 - ERROR: Failed Auth. CCU Limit Reached
2024-06-21 11:04:41,563 - ERROR: Failed Auth. CCU Limit Reached
2024-06-21 11:04:41,577 - ERROR: Failed Auth. CCU Limit Reached
2024-06-21 11:04:41,581 - ERROR: Failed Auth. CCU Limit Reached
2024-06-21 11:04:41,599 - ERROR: Failed Auth. CCU Limit Reached
2024-06-21 11:04:41,599 - ERROR: Failed Auth. CCU Limit Reached
2024-06-21 11:04:41,618 - ERROR: Failed Auth. CCU Limit Reached
2024-06-21 11:04:41,619 - ERROR: Failed Auth. CCU Limit Reached
2024-06-21 11:04:41,627 - ERROR: Failed Auth. CCU Limit Reached
2024-06-21 11:04:41,631 - ERROR: Failed Auth. CCU Limit Reached
2024-06-21 11:04:41,642 - ERROR: Failed Auth. CCU Limit Reached
2024-06-21 11:04:41,651 - ERROR: Failed Auth. CCU Limit Reached
2024-06-21 11:04:41,652 - ERROR: Failed Auth. CCU Limit Reached
2024-06-21 11:04:41,666 - ERROR: Failed Auth. CCU Limit Reached
2024-06-21 11:04:41,679 - ERROR: Failed Auth. CCU Limit Reached
2024-06-21 11:04:41,686 - ERROR: Failed Auth. CCU Limit Reached
2024-06-21 11:04:41,702 - ERROR: Failed Auth. CCU Limit Reached
2024-06-21 11:04:41,714 - ERROR: Failed Auth. CCU Limit Reached
2024-06-21 11:04:41,715 - ERROR: Failed Auth. CCU Limit Reached
2024-06-21 11:04:41,730 - ERROR: Failed Auth. CCU Limit Reached
2024-06-21 11:04:41,752 - ERROR: Failed Auth. CCU Limit Reached
2024-06-21 11:04:41,754 - ERROR: Failed Auth. CCU Limit Reached
2024-06-21 11:04:41,765 - ERROR: Failed Auth. CCU Limit Reached
2024-06-21 11:04:41,776 - ERROR: Failed Auth. CCU Limit Reached
2024-06-21 11:06:57,079 - WARNING: Error in loading license from server java.lang.Exception: no license key in AppConfig.json
2024-06-21 11:06:57,081 - WARNING: Running with 100 CCU limit
2024-06-21 11:07:11,762 - ERROR: Failed Auth. CCU Limit Reached
2024-06-21 11:07:11,766 - ERROR: Failed Auth. CCU Limit Reached
2024-06-21 11:07:11,766 - ERROR: Failed Auth. CCU Limit Reached
2024-06-21 11:07:11,776 - ERROR: Failed Auth. CCU Limit Reached
2024-06-21 11:07:11,779 - ERROR: Failed Auth. CCU Limit Reached
2024-06-21 11:07:11,780 - ERROR: Failed Auth. CCU Limit Reached
2024-06-21 11:07:11,787 - ERROR: Failed Auth. CCU Limit Reached
2024-06-21 11:07:11,791 - ERROR: Failed Auth. CCU Limit Reached
2024-06-21 11:07:11,794 - ERROR: Failed Auth. CCU Limit Reached
2024-06-21 11:07:11,798 - ERROR: Failed Auth. CCU Limit Reached
2024-06-21 11:07:11,807 - ERROR: Failed Auth. CCU Limit Reached
2024-06-21 11:07:11,822 - ERROR: Failed Auth. CCU Limit Reached
2024-06-21 11:07:11,823 - ERROR: Failed Auth. CCU Limit Reached
2024-06-21 11:07:11,830 - ERROR: Failed Auth. CCU Limit Reached
2024-06-21 11:07:11,833 - ERROR: Failed Auth. CCU Limit Reached
2024-06-21 11:07:11,842 - ERROR: Failed Auth. CCU Limit Reached
2024-06-21 11:07:11,847 - ERROR: Failed Auth. CCU Limit Reached
2024-06-21 11:07:11,856 - ERROR: Failed Auth. CCU Limit Reached
2024-06-21 11:07:11,864 - ERROR: Failed Auth. CCU Limit Reached
2024-06-21 11:07:11,878 - ERROR: Failed Auth. CCU Limit Reached
2024-06-21 11:07:11,881 - ERROR: Failed Auth. CCU Limit Reached
2024-06-21 11:07:11,890 - ERROR: Failed Auth. CCU Limit Reached
2024-06-21 11:07:11,899 - ERROR: Failed Auth. CCU Limit Reached
2024-06-21 11:07:11,905 - ERROR: Failed Auth. CCU Limit Reached
2024-06-21 11:07:11,909 - ERROR: Failed Auth. CCU Limit Reached
2024-06-21 11:07:11,911 - ERROR: Failed Auth. CCU Limit Reached
2024-06-21 11:07:11,911 - ERROR: Failed Auth. CCU Limit Reached
2024-06-21 11:07:11,914 - ERROR: Failed Auth. CCU Limit Reached
2024-06-21 11:07:11,917 - ERROR: Failed Auth. CCU Limit Reached
2024-06-21 11:07:11,923 - ERROR: Failed Auth. CCU Limit Reached
2024-06-21 11:58:37,191 - WARNING: Error in loading license from server java.lang.Exception: no license key in AppConfig.json
2024-06-21 11:58:37,197 - WARNING: Running with 100 CCU limit
2024-06-21 12:03:11,212 - WARNING: Error in loading license from server java.lang.Exception: no license key in AppConfig.json
2024-06-21 12:03:11,216 - WARNING: Running with 100 CCU limit
2024-06-21 12:03:26,174 - ERROR: Failed Auth. CCU Limit Reached
2024-06-21 12:03:26,178 - ERROR: Failed Auth. CCU Limit Reached
2024-06-21 12:03:26,186 - ERROR: Failed Auth. CCU Limit Reached
2024-06-21 12:03:26,189 - ERROR: Failed Auth. CCU Limit Reached
2024-06-21 12:03:26,195 - ERROR: Failed Auth. CCU Limit Reached
2024-06-21 12:03:26,201 - ERROR: Failed Auth. CCU Limit Reached
2024-06-21 12:03:26,205 - ERROR: Failed Auth. CCU Limit Reached
2024-06-21 12:03:26,209 - ERROR: Failed Auth. CCU Limit Reached
2024-06-21 12:03:26,212 - ERROR: Failed Auth. CCU Limit Reached
2024-06-21 12:03:26,218 - ERROR: Failed Auth. CCU Limit Reached
2024-06-21 12:03:26,221 - ERROR: Failed Auth. CCU Limit Reached
2024-06-21 12:03:26,225 - ERROR: Failed Auth. CCU Limit Reached
2024-06-21 12:03:26,227 - ERROR: Failed Auth. CCU Limit Reached
2024-06-21 12:03:26,232 - ERROR: Failed Auth. CCU Limit Reached
2024-06-21 12:03:26,238 - ERROR: Failed Auth. CCU Limit Reached
2024-06-21 12:03:26,240 - ERROR: Failed Auth. CCU Limit Reached
2024-06-21 12:03:26,245 - ERROR: Failed Auth. CCU Limit Reached
2024-06-21 12:03:26,250 - ERROR: Failed Auth. CCU Limit Reached
2024-06-21 12:03:26,253 - ERROR: Failed Auth. CCU Limit Reached
2024-06-21 12:03:26,263 - ERROR: Failed Auth. CCU Limit Reached
2024-06-21 12:03:26,264 - ERROR: Failed Auth. CCU Limit Reached
2024-06-21 12:03:26,271 - ERROR: Failed Auth. CCU Limit Reached
2024-06-21 12:03:26,274 - ERROR: Failed Auth. CCU Limit Reached
2024-06-21 12:03:26,278 - ERROR: Failed Auth. CCU Limit Reached
2024-06-21 12:03:26,283 - ERROR: Failed Auth. CCU Limit Reached
2024-06-21 12:03:26,293 - ERROR: Failed Auth. CCU Limit Reached
2024-06-21 12:03:26,296 - ERROR: Failed Auth. CCU Limit Reached
2024-06-21 12:03:26,303 - ERROR: Failed Auth. CCU Limit Reached
2024-06-21 12:03:26,306 - ERROR: Failed Auth. CCU Limit Reached
2024-06-21 12:03:26,314 - ERROR: Failed Auth. CCU Limit Reached
2024-06-21 12:05:29,250 - WARNING: Error in loading license from server java.lang.Exception: no license key in AppConfig.json
2024-06-21 12:05:29,253 - WARNING: Running with 100 CCU limit
2024-06-21 12:08:06,281 - ERROR: Failed Auth. CCU Limit Reached
2024-06-21 12:08:06,286 - ERROR: Failed Auth. CCU Limit Reached
2024-06-21 12:08:06,299 - ERROR: Failed Auth. CCU Limit Reached
2024-06-21 12:08:06,300 - ERROR: Failed Auth. CCU Limit Reached
2024-06-21 12:08:06,302 - ERROR: Failed Auth. CCU Limit Reached
2024-06-21 12:08:06,342 - ERROR: Failed Auth. CCU Limit Reached
2024-06-21 12:08:06,343 - ERROR: Failed Auth. CCU Limit Reached
2024-06-21 12:08:06,344 - ERROR: Failed Auth. CCU Limit Reached
2024-06-21 12:08:06,347 - ERROR: Failed Auth. CCU Limit Reached
2024-06-21 12:08:06,355 - ERROR: Failed Auth. CCU Limit Reached
2024-06-21 12:08:06,357 - ERROR: Failed Auth. CCU Limit Reached
2024-06-21 12:08:06,359 - ERROR: Failed Auth. CCU Limit Reached
2024-06-21 12:08:06,360 - ERROR: Failed Auth. CCU Limit Reached
2024-06-21 12:08:06,363 - ERROR: Failed Auth. CCU Limit Reached
2024-06-21 12:08:06,372 - ERROR: Failed Auth. CCU Limit Reached
2024-06-21 12:08:06,373 - ERROR: Failed Auth. CCU Limit Reached
2024-06-21 12:08:06,377 - ERROR: Failed Auth. CCU Limit Reached
2024-06-21 12:08:06,377 - ERROR: Failed Auth. CCU Limit Reached
2024-06-21 12:08:06,378 - ERROR: Failed Auth. CCU Limit Reached
2024-06-21 12:08:06,381 - ERROR: Failed Auth. CCU Limit Reached
2024-06-21 12:08:06,385 - ERROR: Failed Auth. CCU Limit Reached
2024-06-21 12:08:06,385 - ERROR: Failed Auth. CCU Limit Reached
2024-06-21 12:08:06,388 - ERROR: Failed Auth. CCU Limit Reached
2024-06-21 12:08:06,392 - ERROR: Failed Auth. CCU Limit Reached
2024-06-21 12:08:06,393 - ERROR: Failed Auth. CCU Limit Reached
2024-06-21 12:08:06,393 - ERROR: Failed Auth. CCU Limit Reached
2024-06-21 12:08:06,394 - ERROR: Failed Auth. CCU Limit Reached
2024-06-21 12:08:06,397 - ERROR: Failed Auth. CCU Limit Reached
2024-06-21 12:08:06,397 - ERROR: Failed Auth. CCU Limit Reached
2024-06-21 12:08:06,397 - ERROR: Failed Auth. CCU Limit Reached
2024-06-21 12:08:34,534 - WARNING: Error in loading license from server java.lang.Exception: no license key in AppConfig.json
2024-06-21 12:08:34,537 - WARNING: Running with 100 CCU limit
2024-06-21 12:09:23,749 - ERROR: Failed Auth. CCU Limit Reached
2024-06-21 12:09:23,755 - ERROR: Failed Auth. CCU Limit Reached
2024-06-21 12:09:23,765 - ERROR: Failed Auth. CCU Limit Reached
2024-06-21 12:09:23,768 - ERROR: Failed Auth. CCU Limit Reached
2024-06-21 12:09:23,771 - ERROR: Failed Auth. CCU Limit Reached
2024-06-21 12:09:23,777 - ERROR: Failed Auth. CCU Limit Reached
2024-06-21 12:09:23,780 - ERROR: Failed Auth. CCU Limit Reached
2024-06-21 12:09:23,788 - ERROR: Failed Auth. CCU Limit Reached
2024-06-21 12:09:23,793 - ERROR: Failed Auth. CCU Limit Reached
2024-06-21 12:09:23,800 - ERROR: Failed Auth. CCU Limit Reached
2024-06-21 12:09:23,800 - ERROR: Failed Auth. CCU Limit Reached
2024-06-21 12:09:23,803 - ERROR: Failed Auth. CCU Limit Reached
2024-06-21 12:09:23,804 - ERROR: Failed Auth. CCU Limit Reached
2024-06-21 12:09:23,808 - ERROR: Failed Auth. CCU Limit Reached
2024-06-21 12:09:23,814 - ERROR: Failed Auth. CCU Limit Reached
2024-06-21 12:09:23,818 - ERROR: Failed Auth. CCU Limit Reached
2024-06-21 12:09:23,826 - ERROR: Failed Auth. CCU Limit Reached
2024-06-21 12:09:23,830 - ERROR: Failed Auth. CCU Limit Reached
2024-06-21 12:09:23,834 - ERROR: Failed Auth. CCU Limit Reached
2024-06-21 12:09:23,838 - ERROR: Failed Auth. CCU Limit Reached
2024-06-21 12:09:23,848 - ERROR: Failed Auth. CCU Limit Reached
2024-06-21 12:09:23,851 - ERROR: Failed Auth. CCU Limit Reached
2024-06-21 12:09:23,858 - ERROR: Failed Auth. CCU Limit Reached
2024-06-21 12:09:23,865 - ERROR: Failed Auth. CCU Limit Reached
2024-06-21 12:09:23,869 - ERROR: Failed Auth. CCU Limit Reached
2024-06-21 12:09:23,880 - ERROR: Failed Auth. CCU Limit Reached
2024-06-21 12:09:23,884 - ERROR: Failed Auth. CCU Limit Reached
2024-06-21 12:09:23,886 - ERROR: Failed Auth. CCU Limit Reached
2024-06-21 12:09:23,915 - ERROR: Failed Auth. CCU Limit Reached
2024-06-21 12:09:23,918 - ERROR: Failed Auth. CCU Limit Reached
2024-06-21 12:09:29,404 - ERROR: Failed Auth. CCU Limit Reached
2024-06-21 12:09:29,406 - ERROR: Failed Auth. CCU Limit Reached
2024-06-21 12:09:29,409 - ERROR: Failed Auth. CCU Limit Reached
2024-06-21 12:09:29,412 - ERROR: Failed Auth. CCU Limit Reached
2024-06-21 12:09:29,414 - ERROR: Failed Auth. CCU Limit Reached
2024-06-21 12:09:29,416 - ERROR: Failed Auth. CCU Limit Reached
2024-06-21 12:09:29,418 - ERROR: Failed Auth. CCU Limit Reached
2024-06-21 12:09:29,420 - ERROR: Failed Auth. CCU Limit Reached
2024-06-21 12:09:29,425 - ERROR: Failed Auth. CCU Limit Reached
2024-06-21 12:09:29,428 - ERROR: Failed Auth. CCU Limit Reached
2024-06-21 12:09:29,431 - ERROR: Failed Auth. CCU Limit Reached
2024-06-21 12:09:29,434 - ERROR: Failed Auth. CCU Limit Reached
2024-06-21 12:09:29,434 - ERROR: Failed Auth. CCU Limit Reached
2024-06-21 12:09:29,435 - ERROR: Failed Auth. CCU Limit Reached
2024-06-21 12:09:29,439 - ERROR: Failed Auth. CCU Limit Reached
2024-06-21 12:09:29,439 - ERROR: Failed Auth. CCU Limit Reached
2024-06-21 12:09:29,442 - ERROR: Failed Auth. CCU Limit Reached
2024-06-21 12:09:29,445 - ERROR: Failed Auth. CCU Limit Reached
2024-06-21 12:09:29,449 - ERROR: Failed Auth. CCU Limit Reached
2024-06-21 12:09:29,450 - ERROR: Failed Auth. CCU Limit Reached
2024-06-21 12:09:29,451 - ERROR: Failed Auth. CCU Limit Reached
2024-06-21 12:09:29,453 - ERROR: Failed Auth. CCU Limit Reached
2024-06-21 12:09:29,454 - ERROR: Failed Auth. CCU Limit Reached
2024-06-21 12:09:29,459 - ERROR: Failed Auth. CCU Limit Reached
2024-06-21 12:09:29,464 - ERROR: Failed Auth. CCU Limit Reached
2024-06-21 12:09:29,468 - ERROR: Failed Auth. CCU Limit Reached
2024-06-21 12:09:29,470 - ERROR: Failed Auth. CCU Limit Reached
2024-06-21 12:09:29,470 - ERROR: Failed Auth. CCU Limit Reached
2024-06-21 12:09:29,475 - ERROR: Failed Auth. CCU Limit Reached
2024-06-21 12:09:29,477 - ERROR: Failed Auth. CCU Limit Reached
2024-06-21 12:09:29,482 - ERROR: Failed Auth. CCU Limit Reached
2024-06-21 12:09:29,487 - ERROR: Failed Auth. CCU Limit Reached
2024-06-21 12:09:29,487 - ERROR: Failed Auth. CCU Limit Reached
2024-06-21 12:09:29,490 - ERROR: Failed Auth. CCU Limit Reached
2024-06-21 12:09:29,501 - ERROR: Failed Auth. CCU Limit Reached
2024-06-21 12:09:29,505 - ERROR: Failed Auth. CCU Limit Reached
2024-06-21 12:09:29,508 - ERROR: Failed Auth. CCU Limit Reached
2024-06-21 12:09:29,513 - ERROR: Failed Auth. CCU Limit Reached
2024-06-21 12:09:29,517 - ERROR: Failed Auth. CCU Limit Reached
2024-06-21 12:09:29,520 - ERROR: Failed Auth. CCU Limit Reached
2024-06-21 12:09:29,523 - ERROR: Failed Auth. CCU Limit Reached
2024-06-21 12:09:29,529 - ERROR: Failed Auth. CCU Limit Reached
2024-06-21 12:09:29,534 - ERROR: Failed Auth. CCU Limit Reached
2024-06-21 12:09:29,534 - ERROR: Failed Auth. CCU Limit Reached
2024-06-21 12:09:29,537 - ERROR: Failed Auth. CCU Limit Reached
2024-06-21 12:09:29,539 - ERROR: Failed Auth. CCU Limit Reached
2024-06-21 12:09:29,545 - ERROR: Failed Auth. CCU Limit Reached
2024-06-21 12:09:29,549 - ERROR: Failed Auth. CCU Limit Reached
2024-06-21 12:09:29,554 - ERROR: Failed Auth. CCU Limit Reached
2024-06-21 12:09:29,559 - ERROR: Failed Auth. CCU Limit Reached
2024-06-21 12:09:29,560 - ERROR: Failed Auth. CCU Limit Reached
2024-06-21 12:09:29,566 - ERROR: Failed Auth. CCU Limit Reached
2024-06-21 12:09:29,569 - ERROR: Failed Auth. CCU Limit Reached
2024-06-21 12:09:29,570 - ERROR: Failed Auth. CCU Limit Reached
2024-06-21 12:09:29,578 - ERROR: Failed Auth. CCU Limit Reached
2024-06-21 12:09:29,579 - ERROR: Failed Auth. CCU Limit Reached
2024-06-21 12:09:29,583 - ERROR: Failed Auth. CCU Limit Reached
2024-06-21 12:09:29,590 - ERROR: Failed Auth. CCU Limit Reached
2024-06-21 12:09:29,598 - ERROR: Failed Auth. CCU Limit Reached
2024-06-21 12:09:29,598 - ERROR: Failed Auth. CCU Limit Reached
2024-06-21 12:09:29,608 - ERROR: Failed Auth. CCU Limit Reached
2024-06-21 12:09:29,618 - ERROR: Failed Auth. CCU Limit Reached
2024-06-21 12:09:29,620 - ERROR: Failed Auth. CCU Limit Reached
2024-06-21 12:09:29,623 - ERROR: Failed Auth. CCU Limit Reached
2024-06-21 12:09:29,627 - ERROR: Failed Auth. CCU Limit Reached
2024-06-21 12:09:29,634 - ERROR: Failed Auth. CCU Limit Reached
2024-06-21 12:09:29,645 - ERROR: Failed Auth. CCU Limit Reached
2024-06-21 12:09:29,654 - ERROR: Failed Auth. CCU Limit Reached
2024-06-21 12:09:29,656 - ERROR: Failed Auth. CCU Limit Reached
2024-06-21 12:09:29,658 - ERROR: Failed Auth. CCU Limit Reached
2024-06-21 12:09:29,660 - ERROR: Failed Auth. CCU Limit Reached
2024-06-21 12:09:29,664 - ERROR: Failed Auth. CCU Limit Reached
2024-06-21 12:09:29,666 - ERROR: Failed Auth. CCU Limit Reached
2024-06-21 12:09:29,667 - ERROR: Failed Auth. CCU Limit Reached
2024-06-21 12:09:29,671 - ERROR: Failed Auth. CCU Limit Reached
2024-06-21 12:09:29,671 - ERROR: Failed Auth. CCU Limit Reached
2024-06-21 12:09:29,676 - ERROR: Failed Auth. CCU Limit Reached
2024-06-21 12:09:29,681 - ERROR: Failed Auth. CCU Limit Reached
2024-06-21 12:09:29,685 - ERROR: Failed Auth. CCU Limit Reached
2024-06-21 12:09:29,685 - ERROR: Failed Auth. CCU Limit Reached
2024-06-21 12:09:29,699 - ERROR: Failed Auth. CCU Limit Reached
2024-06-21 12:09:29,700 - ERROR: Failed Auth. CCU Limit Reached
2024-06-21 12:09:29,704 - ERROR: Failed Auth. CCU Limit Reached
2024-06-21 12:09:29,705 - ERROR: Failed Auth. CCU Limit Reached
2024-06-21 12:12:05,492 - WARNING: Error in loading license from server java.lang.Exception: no license key in AppConfig.json
2024-06-21 12:12:05,495 - WARNING: Running with 100 CCU limit
2024-06-21 12:12:20,423 - ERROR: Failed Auth. CCU Limit Reached
2024-06-21 12:12:20,423 - ERROR: Failed Auth. CCU Limit Reached
2024-06-21 12:12:20,433 - ERROR: Failed Auth. CCU Limit Reached
2024-06-21 12:12:20,438 - ERROR: Failed Auth. CCU Limit Reached
2024-06-21 12:12:20,441 - ERROR: Failed Auth. CCU Limit Reached
2024-06-21 12:12:20,445 - ERROR: Failed Auth. CCU Limit Reached
2024-06-21 12:12:20,447 - ERROR: Failed Auth. CCU Limit Reached
2024-06-21 12:12:20,451 - ERROR: Failed Auth. CCU Limit Reached
2024-06-21 12:12:20,458 - ERROR: Failed Auth. CCU Limit Reached
2024-06-21 12:12:20,464 - ERROR: Failed Auth. CCU Limit Reached
2024-06-21 12:12:20,465 - ERROR: Failed Auth. CCU Limit Reached
2024-06-21 12:12:20,474 - ERROR: Failed Auth. CCU Limit Reached
2024-06-21 12:12:20,476 - ERROR: Failed Auth. CCU Limit Reached
2024-06-21 12:12:20,478 - ERROR: Failed Auth. CCU Limit Reached
2024-06-21 12:12:20,483 - ERROR: Failed Auth. CCU Limit Reached
2024-06-21 12:12:20,492 - ERROR: Failed Auth. CCU Limit Reached
2024-06-21 12:12:20,497 - ERROR: Failed Auth. CCU Limit Reached
2024-06-21 12:12:20,499 - ERROR: Failed Auth. CCU Limit Reached
2024-06-21 12:12:20,510 - ERROR: Failed Auth. CCU Limit Reached
2024-06-21 12:12:20,510 - ERROR: Failed Auth. CCU Limit Reached
2024-06-21 12:12:20,515 - ERROR: Failed Auth. CCU Limit Reached
2024-06-21 12:12:20,525 - ERROR: Failed Auth. CCU Limit Reached
2024-06-21 12:12:20,532 - ERROR: Failed Auth. CCU Limit Reached
2024-06-21 12:12:20,533 - ERROR: Failed Auth. CCU Limit Reached
2024-06-21 12:12:20,540 - ERROR: Failed Auth. CCU Limit Reached
2024-06-21 12:12:20,559 - ERROR: Failed Auth. CCU Limit Reached
2024-06-21 12:12:20,560 - ERROR: Failed Auth. CCU Limit Reached
2024-06-21 12:12:20,563 - ERROR: Failed Auth. CCU Limit Reached
2024-06-21 12:12:20,575 - ERROR: Failed Auth. CCU Limit Reached
2024-06-21 12:12:20,576 - ERROR: Failed Auth. CCU Limit Reached
